Оль123га kmrn@gmail.com 123  :поле имени содержит НЕ только буквы 
Степан ky 59  :Корректно не прописаны все три поля  
Анна wuoqgakaqm.mail.ru 116  :поле емейл прописана некорректно
Земфира42 oprpoo.ru 48  :поле имени содержит НЕ только буквы 
Джигурда ddsvamya@ya.ru 9  :Корректно не прописаны все три поля  
Хенг666 gnbjhc@mail.ru 142  :поле имени содержит НЕ только буквы 
32 lmwaib@mail.ru  Не прописаны все три значения в строке  
Гнойный hatpqk@gmail.com 2  :Корректно не прописаны все три поля  
Мария 84 esey@mail.ru  :Корректно не прописаны все три поля  
Ольга42 pphew@gmail.com 6  :Корректно не прописаны все три поля  
Ли666 zndmnr@gmail.com 69  :поле имени содержит НЕ только буквы 
Нагиев scjlxhj@ya.ru 5  :Корректно не прописаны все три поля  
Степан fpeed@gmail.com 5  :Корректно не прописаны все три поля  
Ли ocbui.ru 93  :поле емейл прописана некорректно
Муммий42 nruqcwad@gmail.com 66  :поле имени содержит НЕ только буквы 
  Не прописаны все три значения в строке  
Ярослав42 igs@mail.ru 79  :поле имени содержит НЕ только буквы 
Геннадий42 pc@ya.ru 114  :поле имени содержит НЕ только буквы 
Равшан666 bksvga@gmail.com 121  :поле имени содержит НЕ только буквы 
Мария aay@ya.ru 7  :Корректно не прописаны все три поля  
Муммий666 mc@gmail.com 103  :поле имени содержит НЕ только буквы 
Тролль uhqik@ya.ru 2  :Корректно не прописаны все три поля  
Пенг tzyqfcitfigvam 98  :поле емейл прописана некорректно
Ли fmdrbl@ya.ru 8  :Корректно не прописаны все три поля  
Михаил!!!!1 bjas@mail.ru 143  :поле имени содержит НЕ только буквы 
Михаил666 uutmdfkh@mail.ru 101  :поле имени содержит НЕ только буквы 
Ярослав qfc@gmail.com 4  :Корректно не прописаны все три поля  
Нагиев bvvftezvcb@mail.ru 5  :Корректно не прописаны все три поля  
Сянцзян bireqd@gmail.com 3  :Корректно не прописаны все три поля  
Геннадий rswof@gmail.com 4  :Корректно не прописаны все три поля  
Дмитрий ugnlo@gmail.com 5  :Корректно не прописаны все три поля  
Ольга666 vlqxynaj@ya.ru 88  :поле имени содержит НЕ только буквы 
Владимир!!!!1 iaiqss@mail.ru 59  :поле имени содержит НЕ только буквы 
Геннадий jardduw@mail.ru 2  :Корректно не прописаны все три поля  
Джигурда42 mvocd@ya.ru 23  :поле имени содержит НЕ только буквы 
Ван!!!!1 qnmlo@mail.ru 85  :поле имени содержит НЕ только буквы 
Ли ppoohrkgik 142  :поле емейл прописана некорректно
  Не прописаны все три значения в строке  
Бузова42 xqqilbwkso@ya.ru 28  :поле имени содержит НЕ только буквы 
Владимир666 padnygk@gmail.com 9  :Корректно не прописаны все три поля  
Ван ljgqgiv.mail.ru 83  :поле емейл прописана некорректно
Дмитрий wfw@ya.ru 2  :Корректно не прописаны все три поля  
Дмитрий42 achkqvm@ya.ru 63  :поле имени содержит НЕ только буквы 
Тролль42 phnhg@ya.ru 109  :поле имени содержит НЕ только буквы 
Владимир ij.mail.ru 32  :поле емейл прописана некорректно
Ли666 wunotm.ru 121  :поле имени содержит НЕ только буквы 
Нагиев bbxnpudeg@gmail.com 6  :Корректно не прописаны все три поля  
Анна oypgd@gmail.com 2  :Корректно не прописаны все три поля  
Гнойный nqmwqwegi.mail.ru 84  :поле емейл прописана некорректно
Ли!!!!1 zgqxf@ya.ru 58  :поле имени содержит НЕ только буквы 
Ли oiasfigvam 11  :поле емейл прописана некорректно
Гнойный42 kbgatjx@gmail.com 11  :поле имени содержит НЕ только буквы 
84  Не прописаны все три значения в строке  
100 kqmoh@mail.ru  Не прописаны все три значения в строке  
Тролль rhigrvoj@ya.ru 2  :Корректно не прописаны все три поля  
Ли!!!!1 lyvxuxkycl@gmail.com 14  :поле имени содержит НЕ только буквы 
Ван dsytz.ru 62  :поле емейл прописана некорректно
Сянцзян lmh@ya.ru 8  :Корректно не прописаны все три поля  
Джигурда ntvuwh 94  :поле емейл прописана некорректно
  Не прописаны все три значения в строке  
Нагиев666 cywgddmgkb@gmail.com 26  :поле имени содержит НЕ только буквы 
Джамшут666 ejiuy@gmail.com 15  :поле имени содержит НЕ только буквы 
Геннадий 70  Не прописаны все три значения в строке  
Сянцзян666 bcwfmiz@gmail.com 65  :поле имени содержит НЕ только буквы 
Равшан vzcyami@mail.ru 2  :Корректно не прописаны все три поля  
Бузова666 agq@mail.ru 13  :поле имени содержит НЕ только буквы 
Анна foycgfigvam 20  :поле емейл прописана некорректно
  Не прописаны все три значения в строке  
Артём42 fzokn@mail.ru 90  :поле имени содержит НЕ только буквы 
Сянцзян jxuraelkhl@mail.ru 5  :Корректно не прописаны все три поля  
Джамшут kfc 40  :Корректно не прописаны все три поля  
Пенг666 zemfwxug@ya.ru 132  :поле имени содержит НЕ только буквы 
Ли vne@ya.ru 7  :Корректно не прописаны все три поля  
Геннадий djxgwpd@ya.ru 6  :Корректно не прописаны все три поля  
Ли 112 vdsy@mail.ru  :Корректно не прописаны все три поля  
szozws@gmail.com  Не прописаны все три значения в строке  
Ли42 qkwivw@ya.ru 68  :поле имени содержит НЕ только буквы 
  Не прописаны все три значения в строке  
114  Не прописаны все три значения в строке  
6 pihspjscc@gmail.com  Не прописаны все три значения в строке  
Пенг!!!!1 jax@mail.ru 117  :поле имени содержит НЕ только буквы 
Земфира bgbnnnwzfigvam 80  :поле емейл прописана некорректно
Джамшут zghttuyf@gmail.com 7  :Корректно не прописаны все три поля  
Земфира axdsmisad@mail.ru 5  :Корректно не прописаны все три поля  
Геннадий42 mcfsrhnu@gmail.com 119  :поле имени содержит НЕ только буквы 
Сянцзян!!!!1 lbdwsvyr@ya.ru 101  :поле имени содержит НЕ только буквы 
Ольга peagd@mail.ru 8  :Корректно не прописаны все три поля  
Ли  Не прописаны все три значения в строке  
Ли sctuqaq@ya.ru 8  :Корректно не прописаны все три поля  
Волочкова fl@ya.ru 5  :Корректно не прописаны все три поля  
Гнойный rbxelphdfigvam 141  :поле емейл прописана некорректно
Джамшут pg.mail.ru 122  :поле емейл прописана некорректно
Мария!!!!1 szssysaz@mail.ru 58  :поле имени содержит НЕ только буквы 
Яочуан mjnemv@gmail.com 5  :Корректно не прописаны все три поля  
Равшан vu@mail.ru  Не прописаны все три значения в строке  
Чонгкун frwxeicy@gmail.com 8  :Корректно не прописаны все три поля  
Джамшут  Не прописаны все три значения в строке  
Ольга aqupx@ya.ru 2  :Корректно не прописаны все три поля  
Равшан nkb@gmail.com  Не прописаны все три значения в строке  
Гнойный stfrxiwkpe@gmail.com  Не прописаны все три значения в строке  
Чонгкун diyf@ya.ru 8  :Корректно не прописаны все три поля  
Ли 8 lqzocwl@mail.ru  :Корректно не прописаны все три поля  
Ольга jzztfigvam 64  :поле емейл прописана некорректно
Гнойный tlhmxrxtmi@ya.ru 6  :Корректно не прописаны все три поля  
Ольга42 ioxf@ya.ru 55  :поле имени содержит НЕ только буквы 
Степан xksfhicn@gmail.com  Не прописаны все три значения в строке  
Бузова  Не прописаны все три значения в строке  
Джамшут 85 yhihzkamhj@mail.ru  :Корректно не прописаны все три поля  
  Не прописаны все три значения в строке  
Мария fqyezp@mail.ru 4  :Корректно не прописаны все три поля  
Чехова lpre@gmail.com 3  :Корректно не прописаны все три поля  
Ярослав vtq 90  :Корректно не прописаны все три поля  
Джигурда!!!!1 zqygia@ya.ru 89  :поле имени содержит НЕ только буквы 
Волочкова!!!!1 fvnwaq@ya.ru 107  :поле имени содержит НЕ только буквы 
Пенг nlxetmbctfigvam 88  :поле емейл прописана некорректно
Ли!!!!1 lb@gmail.com 95  :поле имени содержит НЕ только буквы 
Геннадий ceahtetz 31  :поле емейл прописана некорректно
Земфира dnllcu@mail.ru 4  :Корректно не прописаны все три поля  
Геннадий sdlvehkjwfigvam 11  :поле емейл прописана некорректно
  Не прописаны все три значения в строке  
  Не прописаны все три значения в строке  
Мария!!!!1 jxthdgat@ya.ru 24  :поле имени содержит НЕ только буквы 
Хенг!!!!1 bmvynuv@ya.ru 125  :поле имени содержит НЕ только буквы 
Пенг bcynix@gmail.com 2  :Корректно не прописаны все три поля  
Гнойный gjnqvc@mail.ru 4  :Корректно не прописаны все три поля  
Ван kcet.ru 87  :поле емейл прописана некорректно
Михаил42 og@mail.ru 104  :поле имени содержит НЕ только буквы 
Артём fufmngwfigvam 24  :поле емейл прописана некорректно
Земфира px@ya.ru 6  :Корректно не прописаны все три поля  
Мария mfjoqlhk.mail.ru 12  :поле емейл прописана некорректно
Земфира wplpp@gmail.com 6  :Корректно не прописаны все три поля  
18  Не прописаны все три значения в строке  
Анна 87 tjbsuaqeij@mail.ru  :Корректно не прописаны все три поля  
Нагиев42 ckp@gmail.com 116  :поле имени содержит НЕ только буквы 
Анна 139 gsfpjtpu@mail.ru  :Корректно не прописаны все три поля  
Земфира qfp 81  :Корректно не прописаны все три поля  
Мария uxx@mail.ru 3  :Корректно не прописаны все три поля  
Михаил faomsd@gmail.com 6  :Корректно не прописаны все три поля  
Владимир awjw@mail.ru 8  :Корректно не прописаны все три поля  
  Не прописаны все три значения в строке  
Равшан!!!!1 qv@ya.ru 99  :поле имени содержит НЕ только буквы 
Артём omtakkqs@mail.ru 4  :Корректно не прописаны все три поля  
Михаил 140  Не прописаны все три значения в строке  
Артём666 nnwzksghzj@ya.ru 75  :поле имени содержит НЕ только буквы 
Михаил pwys 4  :Корректно не прописаны все три поля  
Владимир szacwo@gmail.com 6  :Корректно не прописаны все три поля  
Сянцзян bmac 85  :Корректно не прописаны все три поля  
  Не прописаны все три значения в строке  
Чонгкун 95 gjbskxdkfigvam  :Корректно не прописаны все три поля  
85  Не прописаны все три значения в строке  
Михаил 122 tnbsqbqph@mail.ru  :Корректно не прописаны все три поля  
Хенг vfe.ru 133  :поле емейл прописана некорректно
Ли zeamxh.ru 25  :поле емейл прописана некорректно
Хенг rlv.ru 148  :поле емейл прописана некорректно
Ярослав oxaxyvjguc@gmail.com 8  :Корректно не прописаны все три поля  
Яочуан!!!!1 uasginylzu@mail.ru 9  :Корректно не прописаны все три поля  
Тролль!!!!1 me@ya.ru 40  :поле имени содержит НЕ только буквы 
  Не прописаны все три значения в строке  
Ли fipl.ru 62  :поле емейл прописана некорректно
Ван rbpyby@ya.ru 2  :Корректно не прописаны все три поля  
Тролль!!!!1 scpqhraz@mail.ru 129  :поле имени содержит НЕ только буквы 
Михаил epjgyxypwx@gmail.com 4  :Корректно не прописаны все три поля  
Джигурда 108 vcdg@ya.ru  :Корректно не прописаны все три поля  
Яочуан fxhvhxjtr@ya.ru 4  :Корректно не прописаны все три поля  
49  Не прописаны все три значения в строке  
Волочкова cryg@ya.ru 6  :Корректно не прописаны все три поля  
Хенг qhgqhwdou@ya.ru  Не прописаны все три значения в строке  
Геннадий cmt.ru 107  :поле емейл прописана некорректно
Ярослав42 srlrneygk@gmail.com 137  :поле имени содержит НЕ только буквы 
Чонгкун rpdujmepgr@ya.ru 3  :Корректно не прописаны все три поля  
Ли666 hmk@ya.ru 70  :поле имени содержит НЕ только буквы 
sszgsif@ya.ru  Не прописаны все три значения в строке  
Чонгкун qmt@mail.ru 6  :Корректно не прописаны все три поля  
Хенг qhyerc@mail.ru 7  :Корректно не прописаны все три поля  
Тролль vwjy@ya.ru 4  :Корректно не прописаны все три поля  
Сянцзян!!!!1 znkttbcq@ya.ru 101  :поле имени содержит НЕ только буквы 
Бузова!!!!1 wbtn@ya.ru 8  :Корректно не прописаны все три поля  
Гнойный 28 kjylwig@gmail.com  :Корректно не прописаны все три поля  
Нагиев 141 ksclybha@ya.ru  :Корректно не прописаны все три поля  
Михаил stvz@ya.ru 5  :Корректно не прописаны все три поля  
Анна42 mdphjole@mail.ru 97  :поле имени содержит НЕ только буквы 
Ли kjeijr 86  :поле емейл прописана некорректно
Нагиев dnucq@gmail.com 2  :Корректно не прописаны все три поля  
Ван666 rwozf@mail.ru 60  :поле имени содержит НЕ только буквы 
Гнойный!!!!1 tfdxnc@gmail.com 58  :поле имени содержит НЕ только буквы 
Геннадий ehzt@ya.ru 6  :Корректно не прописаны все три поля  
Волочкова wx@mail.ru 4  :Корректно не прописаны все три поля  
Чонгкун666 nuvifr@mail.ru 88  :поле имени содержит НЕ только буквы 
Анна bwdbmo@gmail.com 4  :Корректно не прописаны все три поля  
Чехова cjgpicbqv.ru 70  :поле емейл прописана некорректно
Хенг xt@mail.ru 7  :Корректно не прописаны все три поля  
Чонгкун qhfwrv@ya.ru 7  :Корректно не прописаны все три поля  
Чехова wph@mail.ru 5  :Корректно не прописаны все три поля  
Ольга 112  Не прописаны все три значения в строке  
rnneuvnkuq@ya.ru  Не прописаны все три значения в строке  
Ли xpfimqax.ru 37  :поле емейл прописана некорректно
Ольга tqz 31  :Корректно не прописаны все три поля  
Ольга!!!!1 xa@mail.ru 19  :поле имени содержит НЕ только буквы 
6  Не прописаны все три значения в строке  
Михаил suuxrwmdup@mail.ru  Не прописаны все три значения в строке  
Нагиев42 hepcefwt@gmail.com 146  :поле имени содержит НЕ только буквы 
Земфира oeiu@ya.ru 5  :Корректно не прописаны все три поля  
Земфира!!!!1 ysjx@gmail.com 38  :поле имени содержит НЕ только буквы 
Сянцзян oelmccfeb@ya.ru 8  :Корректно не прописаны все три поля  
Владимир42 tigtz@gmail.com 118  :поле имени содержит НЕ только буквы 
  Не прописаны все три значения в строке  
Сянцзян42 smwuwyf@ya.ru 93  :поле имени содержит НЕ только буквы 
Гнойный uishot@gmail.com 5  :Корректно не прописаны все три поля  
Ярослав drqdpcckty@ya.ru 5  :Корректно не прописаны все три поля  
Ли cnenvqixfigvam 75  :поле емейл прописана некорректно
Гнойный svbl@ya.ru  Не прописаны все три значения в строке  
Джамшут kntebz 137  :поле емейл прописана некорректно
Ярослав jl@ya.ru 7  :Корректно не прописаны все три поля  
Ли brvadtqiy@ya.ru 2  :Корректно не прописаны все три поля  
Тролль yazlktxksy 125  :поле емейл прописана некорректно
Хенг xpk@gmail.com 8  :Корректно не прописаны все три поля  
Артём pcyaylecdp 10  :поле емейл прописана некорректно
Джигурда 142 jp@gmail.com  :Корректно не прописаны все три поля  
Бузова felpdnjjl.mail.ru 24  :поле емейл прописана некорректно
Анна666 woly@ya.ru 92  :поле имени содержит НЕ только буквы 
Пенг iru 69  :Корректно не прописаны все три поля  
Земфира thfjjam 32  :поле емейл прописана некорректно
Артём rjzbqwujmu@ya.ru 3  :Корректно не прописаны все три поля  
Нагиев!!!!1 mxjvvmjw@ya.ru 69  :поле имени содержит НЕ только буквы 
svrlbuyt@gmail.com  Не прописаны все три значения в строке  
Чонгкун za.ru 73  :Корректно не прописаны все три поля  
Ли 148 gnfkppro@gmail.com  :Корректно не прописаны все три поля  
Мария mn@mail.ru 6  :Корректно не прописаны все три поля  
Чонгкун42 vebo@ya.ru 74  :поле имени содержит НЕ только буквы 
Ли  Не прописаны все три значения в строке  
Геннадий 63 cy@gmail.com  :Корректно не прописаны все три поля  
Нагиев odjz@ya.ru 3  :Корректно не прописаны все три поля  
Гнойный vl@ya.ru 2  :Корректно не прописаны все три поля  
Ли hbf@gmail.com 7  :Корректно не прописаны все три поля  
Равшан tjmmzwddys.mail.ru 119  :поле емейл прописана некорректно
Ольга42 ytoqsvzdbj@ya.ru 12  :поле имени содержит НЕ только буквы 
Владимир666 fqeshkvpb@gmail.com 136  :поле имени содержит НЕ только буквы 
Степан fysquqxop 66  :поле емейл прописана некорректно
Ярослав onijrilf.ru 146  :поле емейл прописана некорректно
Яочуан666 ojhpeixeg@mail.ru 55  :поле имени содержит НЕ только буквы 
Артём42 bkvvgs@ya.ru 106  :поле имени содержит НЕ только буквы 
10  Не прописаны все три значения в строке  
Ли krllujuze@mail.ru 5  :Корректно не прописаны все три поля  
Ольга42 vtcydxxr@ya.ru 62  :поле имени содержит НЕ только буквы 
Пенг666 yumswlmp@mail.ru 14  :поле имени содержит НЕ только буквы 
Ван!!!!1 hejysrn@gmail.com 106  :поле имени содержит НЕ только буквы 
Степан nmlczsgj@gmail.com  Не прописаны все три значения в строке  
Михаил kvhbqh@gmail.com 9  :Корректно не прописаны все три поля  
62 prkf@gmail.com  Не прописаны все три значения в строке  
Нагиев idguxtbfh@mail.ru 3  :Корректно не прописаны все три поля  
Муммий rbmombnymm@ya.ru 6  :Корректно не прописаны все три поля  
Муммий!!!!1 zob@gmail.com 35  :поле имени содержит НЕ только буквы 
Яочуан zuzjx@ya.ru 7  :Корректно не прописаны все три поля  
Сянцзян udoif.ru 89  :поле емейл прописана некорректно
Яочуан cbuldont@ya.ru 6  :Корректно не прописаны все три поля  
Дмитрий msvvsohufigvam 148  :поле емейл прописана некорректно
Джигурда bf@gmail.com 2  :Корректно не прописаны все три поля  
Гнойный 6 lbtu@ya.ru  :Корректно не прописаны все три поля  
Тролль42 alhjiwgs@ya.ru 52  :поле имени содержит НЕ только буквы 
Муммий42 zxms@ya.ru 129  :поле имени содержит НЕ только буквы 
77  Не прописаны все три значения в строке  
Степан qb@ya.ru 2  :Корректно не прописаны все три поля  
Анна qwdkrurb@ya.ru 8  :Корректно не прописаны все три поля  
Чехова42 hhtjjrwpev@gmail.com 8  :Корректно не прописаны все три поля  
134  Не прописаны все три значения в строке  
Тролль!!!!1 bogopq@gmail.com 80  :поле имени содержит НЕ только буквы 
98 gcuxhm@ya.ru  Не прописаны все три значения в строке  
Ольга svole.ru 129  :поле емейл прописана некорректно
olntfwja@ya.ru  Не прописаны все три значения в строке  
82  Не прописаны все три значения в строке  
Сянцзян42 sfrpkl@ya.ru 54  :поле имени содержит НЕ только буквы 
118 ereuqwvy@ya.ru  Не прописаны все три значения в строке  
Гнойный 86 fj@ya.ru  :Корректно не прописаны все три поля  
Бузова42 ydx@mail.ru 121  :поле имени содержит НЕ только буквы 
Муммий movwcbmfde@gmail.com 9  :Корректно не прописаны все три поля  
Джамшут xnlz@mail.ru 8  :Корректно не прописаны все три поля  
Ярослав666 kfthu@gmail.com 68  :поле имени содержит НЕ только буквы 
Ван lafmybutgm@mail.ru 2  :Корректно не прописаны все три поля  
Мария kwznecbfpa.mail.ru 60  :поле емейл прописана некорректно
Ли ienntshosefigvam 126  :поле емейл прописана некорректно
Геннадий hfo 76  :Корректно не прописаны все три поля  
Равшан nrgfigvam 108  :поле емейл прописана некорректно
Ольга 42  Не прописаны все три значения в строке  
Мария gfvfnw@ya.ru 8  :Корректно не прописаны все три поля  
  Не прописаны все три значения в строке  
Владимир666 onnjp@mail.ru 125  :поле имени содержит НЕ только буквы 
Анна fov.ru 16  :поле емейл прописана некорректно
Джамшут rglym@ya.ru 4  :Корректно не прописаны все три поля  
  Не прописаны все три значения в строке  
Ли!!!!1 yknhi@gmail.com 86  :поле имени содержит НЕ только буквы 
Яочуан ckolp@ya.ru 2  :Корректно не прописаны все три поля  
Яочуан ecbdyw 60  :поле емейл прописана некорректно
42  Не прописаны все три значения в строке  
Чехова fo@mail.ru 4  :Корректно не прописаны все три поля  
Волочкова 4 fs@gmail.com  :Корректно не прописаны все три поля  
Земфира bfjtmzcyi@gmail.com 2  :Корректно не прописаны все три поля  
Ли42 os@mail.ru 114  :поле имени содержит НЕ только буквы 
Ван ri 28  :Корректно не прописаны все три поля  
Михаил!!!!1 augxx@mail.ru 31  :поле имени содержит НЕ только буквы 
  Не прописаны все три значения в строке  
Чехова rrauacr@gmail.com 7  :Корректно не прописаны все три поля  
Чонгкун ovi.ru 44  :поле емейл прописана некорректно
Равшан kopedo@mail.ru 2  :Корректно не прописаны все три поля  
Муммий!!!!1 jhywpwbfye@ya.ru 47  :поле имени содержит НЕ только буквы 
Ли666 hxsewxm.mail.ru 42  :поле имени содержит НЕ только буквы 
Чонгкун ksgoqlnhxs@ya.ru 7  :Корректно не прописаны все три поля  
Чонгкун42 gqpxooc@ya.ru 15  :поле имени содержит НЕ только буквы 
Ли 130 gnqdxd@ya.ru  :Корректно не прописаны все три поля  
Чехова666 fvsmfjx@gmail.com 147  :поле имени содержит НЕ только буквы 
Волочкова666 te@ya.ru 98  :поле имени содержит НЕ только буквы 
  Не прописаны все три значения в строке  
Бузова ys@mail.ru 3  :Корректно не прописаны все три поля  
Тролль ngpqktrbbc@ya.ru 7  :Корректно не прописаны все три поля  
Нагиев mzqx@ya.ru 4  :Корректно не прописаны все три поля  
Мария ebupviduj@ya.ru 7  :Корректно не прописаны все три поля  
Мария qxixqytacs@gmail.com 8  :Корректно не прописаны все три поля  
Дмитрий!!!!1 ejk@ya.ru 145  :поле имени содержит НЕ только буквы 
Артём mwcwi 61  :Корректно не прописаны все три поля  
Михаил tulcgd.ru 126  :поле емейл прописана некорректно
Ван wock@ya.ru 2  :Корректно не прописаны все три поля  
Ольга ylmsbg@mail.ru  Не прописаны все три значения в строке  
47 hoejbllhb@mail.ru  Не прописаны все три значения в строке  
Муммий kroj 66  :Корректно не прописаны все три поля  
uqpyy@gmail.com  Не прописаны все три значения в строке  
Пенг ciobk@gmail.com 3  :Корректно не прописаны все три поля  
Ольга raoegy 42  :поле емейл прописана некорректно
Артём dzrzp@gmail.com 9  :Корректно не прописаны все три поля  
Сянцзян42 dxappje@ya.ru 83  :поле имени содержит НЕ только буквы 
143  Не прописаны все три значения в строке  
Муммий666 pfcgk@gmail.com 35  :поле имени содержит НЕ только буквы 
Джамшут prufigvam 30  :поле емейл прописана некорректно
Ярослав oxpptws@ya.ru 7  :Корректно не прописаны все три поля  
Пенг jmlgwrwbvd@mail.ru 9  :Корректно не прописаны все три поля  
Пенг disuaejmpq.mail.ru 55  :поле емейл прописана некорректно
Тролль wybb@gm@ail.com 149  :поле емейл прописана некорректно
Гнойный qxuyuhfimg@gmail.com 2  :Корректно не прописаны все три поля  
Владимир42 ocil@ya.ru 64  :поле имени содержит НЕ только буквы 
146 ultgcrrsyd@gmail.com  Не прописаны все три значения в строке  
Гнойный eqlcknrrcgmail.@com 42  :поле емейл прописана некорректно
Земфира eqls@yaru 86  :поле емейл прописана некорректно
  Не прописаны все три значения в строке  
  Не прописаны все три значения в строке  
Волочкова tzbbaeojcw.mail.ru 138  :поле емейл прописана некорректно
Степан hhqt@mail.ru 5  :Корректно не прописаны все три поля  
Нагиев!!!!1 kbdexi@gmail.com 138  :поле имени содержит НЕ только буквы 
wewteqjmbv@gmail.com  Не прописаны все три значения в строке  
Яочуан hbg.ru 34  :поле емейл прописана некорректно
Ли 8 zv@ya.ru  :Корректно не прописаны все три поля  
Тролль666 san@ya.ru 32  :поле имени содержит НЕ только буквы 
Тролль42 myktu@ya.ru 101  :поле имени содержит НЕ только буквы 
Ли guvg@ya.ru 8  :Корректно не прописаны все три поля  
Степан havgftymot@mail.ru 7  :Корректно не прописаны все три поля  
Ольга srirfigvam 86  :поле емейл прописана некорректно
Ли  Не прописаны все три значения в строке  
Джигурда42 qgklrw@mail.ru 41  :поле имени содержит НЕ только буквы 
Ли  Не прописаны все три значения в строке  
63  Не прописаны все три значения в строке  
  Не прописаны все три значения в строке  
144  Не прописаны все три значения в строке  
Хенг covzigmcee@mail.ru 3  :Корректно не прописаны все три поля  
Равшан zmca.ru 149  :поле емейл прописана некорректно
Тролль cizocj@gmail.com 7  :Корректно не прописаны все три поля  
Чонгкун bxeduqd@mail.ru 8  :Корректно не прописаны все три поля  
Мария666 bpwmxx@ya.ru 97  :поле имени содержит НЕ только буквы 
Бузова oukiaisqpa.mail.ru 88  :поле емейл прописана некорректно
Ольга ffhzzshaud@mail.ru 6  :Корректно не прописаны все три поля  
Ли goq.ru 27  :поле емейл прописана некорректно
Бузова zqocpz@ya.ru 2  :Корректно не прописаны все три поля  
Владимир goe@gmail.com 2  :Корректно не прописаны все три поля  
83 ndvtduby@ya.ru  Не прописаны все три значения в строке  
13  Не прописаны все три значения в строке  
Гнойный bzxxgu.ru 111  :поле емейл прописана некорректно
Степан42 hdbkzaeky@mail.ru 50  :поле имени содержит НЕ только буквы 
111  Не прописаны все три значения в строке  
Геннадий42 zheiftllgi@ya.ru 68  :поле имени содержит НЕ только буквы 
Равшан  Не прописаны все три значения в строке  
Геннадий mw@gmail.com 4  :Корректно не прописаны все три поля  
77  Не прописаны все три значения в строке  
Дмитрий666 crixe@mail.ru 93  :поле имени содержит НЕ только буквы 
Нагиев fmjy.mail.ru 12  :поле емейл прописана некорректно
Муммий ath.mail.ru 62  :поле емейл прописана некорректно
Ван di.mail.ru 60  :поле емейл прописана некорректно
Яочуан666 lxlrule@gmail.com 78  :поле имени содержит НЕ только буквы 
Михаил 73  Не прописаны все три значения в строке  
Хенг ybwzkpyqar@mail.ru 5  :Корректно не прописаны все три поля  
Нагиев qkpm@mail.ru 7  :Корректно не прописаны все три поля  
133  Не прописаны все три значения в строке  
Муммий eixf@ya.ru 3  :Корректно не прописаны все три поля  
  Не прописаны все три значения в строке  
Земфира fvlav@ya.ru 3  :Корректно не прописаны все три поля  
Геннадий kfj@gmail.com 5  :Корректно не прописаны все три поля  
Бузова kkjhmq@ya.ru 6  :Корректно не прописаны все три поля  
Владимир mchakediwfigvam 28  :поле емейл прописана некорректно
Волочкова vefwpwsvj.ru 111  :поле емейл прописана некорректно
Тролль666 pfmeafl@ya.ru 131  :поле имени содержит НЕ только буквы 
Анна zvy@mail.ru 4  :Корректно не прописаны все три поля  
90  Не прописаны все три значения в строке  
Ли lc.ru 116  :Корректно не прописаны все три поля  
Муммий qjw@ya.ru 6  :Корректно не прописаны все три поля  
Равшан ybvzmx@gmail.com 3  :Корректно не прописаны все три поля  
Чонгкун!!!!1 epi@mail.ru 20  :поле имени содержит НЕ только буквы 
Сянцзян xcjeja@ya.ru 3  :Корректно не прописаны все три поля  
Ван hcfigvam 50  :поле емейл прописана некорректно
Чонгкун!!!!1 ezgswihx@mail.ru 105  :поле имени содержит НЕ только буквы 
Пенг!!!!1 zk@ya.ru 63  :поле имени содержит НЕ только буквы 
Чехова ryypw@mail.ru 7  :Корректно не прописаны все три поля  
Михаил aukqob@ya.ru 7  :Корректно не прописаны все три поля  
Степан sqttpbjz@ya.ru 3  :Корректно не прописаны все три поля  
3  Не прописаны все три значения в строке  
Гнойный hsdjpu@ya.ru 6  :Корректно не прописаны все три поля  
Равшан eerovdic@mail.ru 7  :Корректно не прописаны все три поля  
  Не прописаны все три значения в строке  
Владимир 107  Не прописаны все три значения в строке  
Тролль tvmxcz@gmail.com 4  :Корректно не прописаны все три поля  
Муммий666 vypsxkwymh@mail.ru 48  :поле имени содержит НЕ только буквы 
Ярослав 12 xopp@ya.ru  :Корректно не прописаны все три поля  
Бузова mufgbgdj@gmail.com 6  :Корректно не прописаны все три поля  
Дмитрий 55 ntrkw@ya.ru  :Корректно не прописаны все три поля  
Чехова xtpqxxhgov.mail.ru 96  :поле емейл прописана некорректно
Равшан!!!!1 hstqsan@mail.ru 23  :поле имени содержит НЕ только буквы 
Волочкова nqxhfza@ya.ru 5  :Корректно не прописаны все три поля  
Анна rmpuykosf@gmail.com 6  :Корректно не прописаны все три поля  
Ярослав qvjngeqt.mail.ru 56  :поле емейл прописана некорректно
Земфира 121  Не прописаны все три значения в строке  
Ольга rez@ya.ru 4  :Корректно не прописаны все три поля  
Бузова666 nkiif@mail.ru 149  :поле имени содержит НЕ только буквы 
Мария odb.ru 20  :поле емейл прописана некорректно
Мария42 evjnisvo@mail.ru 15  :поле имени содержит НЕ только буквы 
Чонгкун666 bfw@gmail.com 106  :поле имени содержит НЕ только буквы 
Муммий fcujr@mail.ru 5  :Корректно не прописаны все три поля  
Анна dvzwfrwihfigvam 99  :поле емейл прописана некорректно
Муммий666 xtja@gmail.com 135  :поле имени содержит НЕ только буквы 
Чонгкун 96  Не прописаны все три значения в строке  
Анна666 qezvacvl@ya.ru 56  :поле имени содержит НЕ только буквы 
Чонгкун awokcs.mail.ru 105  :поле емейл прописана некорректно
Мария bbsfotdopq@mail.ru 7  :Корректно не прописаны все три поля  
Нагиев nxmtrmbnxrfigvam 97  :поле емейл прописана некорректно
Ли pzlstvl@gmail.com 4  :Корректно не прописаны все три поля  
Бузова spqdotxxpo@gmail.com 3  :Корректно не прописаны все три поля  
Ван 7 xd@ya.ru  :Корректно не прописаны все три поля  
Гнойный odr@gmail.com 8  :Корректно не прописаны все три поля  
Чонгкун xfbdcjmhsfigvam 30  :поле емейл прописана некорректно
Хенг666 hach@ya.ru 149  :поле имени содержит НЕ только буквы 
Муммий flbcsrgc 87  :поле емейл прописана некорректно
Равшан tji@mail.ru 3  :Корректно не прописаны все три поля  
Яочуан42 apbwlkt@ya.ru 48  :поле имени содержит НЕ только буквы 
Бузова van.ru 50  :поле емейл прописана некорректно
Джамшут oo@gmail.com 3  :Корректно не прописаны все три поля  
Михаил42 xrsihsm@gmail.com 29  :поле имени содержит НЕ только буквы 
Геннадий666 oe@gmail.com 28  :поле имени содержит НЕ только буквы 
Мария xbukipt 12  :поле емейл прописана некорректно
Яочуан cubtwjpeop@ya.ru 2  :Корректно не прописаны все три поля  
Равшан luk@mail.ru 9  :Корректно не прописаны все три поля  
Муммий qqixfwqkot@ya.ru 2  :Корректно не прописаны все три поля  
Ольга dnco@gmail.com 8  :Корректно не прописаны все три поля  
Яочуан666 aorzze@gmail.com 143  :поле имени содержит НЕ только буквы 
Ли rzaqcttckk@mail.ru 2  :Корректно не прописаны все три поля  
Чехова sjcbgap@gmail.com 4  :Корректно не прописаны все три поля  
Нагиев wzrbf.mail.ru 112  :поле емейл прописана некорректно
Михаил iyxmljrorlfigvam 83  :поле емейл прописана некорректно
Артём42 dndyftuyj.mail.ru 39  :поле имени содержит НЕ только буквы 
Чехова!!!!1 jjrw@mail.ru 50  :поле имени содержит НЕ только буквы 
Тролль  Не прописаны все три значения в строке  
Владимир 97  Не прописаны все три значения в строке  
Равшан42 szlxogi@mail.ru 66  :поле имени содержит НЕ только буквы 
Муммий bxpt.mail.ru 131  :поле емейл прописана некорректно
Геннадий vwdyceyyhc@mail.ru 2  :Корректно не прописаны все три поля  
Джамшут msblol@mail.ru 8  :Корректно не прописаны все три поля  
Дмитрий hgopfigvam 140  :поле емейл прописана некорректно
  Не прописаны все три значения в строке  
Чонгкун42 mxrivgxhry@ya.ru 22  :поле имени содержит НЕ только буквы 
Геннадий kh@ya.ru 6  :Корректно не прописаны все три поля  
Джамшут!!!!1 zwu@gmail.com 45  :поле имени содержит НЕ только буквы 
Геннадий jewqfigvam 132  :поле емейл прописана некорректно
Артём esrkorxic.ru 25  :поле емейл прописана некорректно
Геннадий gofn.ru 9  :Корректно не прописаны все три поля  
Владимир cicx@gmail.com 4  :Корректно не прописаны все три поля  
Волочкова qcopaxdp@ya.ru  Не прописаны все три значения в строке  
Геннадий42 fcze@mail.ru 23  :поле имени содержит НЕ только буквы 
Дмитрий hykqerc@gmail.com 6  :Корректно не прописаны все три поля  
Ван666 scn@gmail.com 127  :поле имени содержит НЕ только буквы 
Хенг fyvfyop.mail.ru 35  :поле емейл прописана некорректно
Джамшут42 hhldg@ya.ru 30  :поле имени содержит НЕ только буквы 
Анна frya@mail.ru 5  :Корректно не прописаны все три поля  
Ван umozztngyfigvam 40  :поле емейл прописана некорректно
Дмитрий pcnnjkxzfigvam 129  :поле емейл прописана некорректно
Мария jwwfvol@gmail.com 8  :Корректно не прописаны все три поля  
Нагиев anlb@gmail.com 8  :Корректно не прописаны все три поля  
50 nz@mail.ru  Не прописаны все три значения в строке  
101  Не прописаны все три значения в строке  
Владимир klzoloqef@gmail.com 4  :Корректно не прописаны все три поля  
Михаил vshhvhzkfigvam 138  :поле емейл прописана некорректно
Гнойный ovwfdnnsnd@gmail.com 5  :Корректно не прописаны все три поля  
Хенг 13 kicriaoeas@gmail.com  :Корректно не прописаны все три поля  
Сянцзян!!!!1 win@mail.ru 76  :поле имени содержит НЕ только буквы 
Тролль hzvrmkpfeqfigvam 140  :поле емейл прописана некорректно
Ольга xydusjcxp@gmail.com 3  :Корректно не прописаны все три поля  
117  Не прописаны все три значения в строке  
Степан lhrszduddu.ru 145  :поле емейл прописана некорректно
Тролль mthqh@mail.ru 3  :Корректно не прописаны все три поля  
Джамшут!!!!1 ysl@mail.ru 57  :поле имени содержит НЕ только буквы 
113  Не прописаны все три значения в строке  
Джигурда bg@gmail.com 8  :Корректно не прописаны все три поля  
Пенг rl@ya.ru 2  :Корректно не прописаны все три поля  
Земфира vcpgcxe 129  :поле емейл прописана некорректно
102  Не прописаны все три значения в строке  
Степан lylunpc@gmail.com 9  :Корректно не прописаны все три поля  
Ли afoypy@gmail.com 8  :Корректно не прописаны все три поля  
Ольга hxesvm@mail.ru 8  :Корректно не прописаны все три поля  
Степан wbj.mail.ru 77  :поле емейл прописана некорректно
138 qg@mail.ru  Не прописаны все три значения в строке  
Гнойный666 mccw@mail.ru 86  :поле имени содержит НЕ только буквы 
Волочкова vw@ya.ru 4  :Корректно не прописаны все три поля  
Геннадий dxorsm@mail.ru 5  :Корректно не прописаны все три поля  
Владимир666 cjopwzztw@gmail.com 31  :поле имени содержит НЕ только буквы 
Бузова666 pmkixpo@mail.ru 58  :поле имени содержит НЕ только буквы 
Степан666 eykjp@ya.ru 139  :поле имени содержит НЕ только буквы 
Бузова avxxwquybp@mail.ru 9  :Корректно не прописаны все три поля  
Ли xggsf.ru 39  :поле емейл прописана некорректно
Ли666 awjc@ya.ru 40  :поле имени содержит НЕ только буквы 
Ли xiqipqr@ya.ru 3  :Корректно не прописаны все три поля  
Степан 52 mhvbf@mail.ru  :Корректно не прописаны все три поля  
Ли 136 mriwsteh  :Корректно не прописаны все три поля  
Геннадий lvpusf@ya.ru 8  :Корректно не прописаны все три поля  
Чехова 131 tpgiwxpet@mail.ru  :Корректно не прописаны все три поля  
Мария ssul@mail.ru 5  :Корректно не прописаны все три поля  
Ли loqxt 10  :Корректно не прописаны все три поля  
Ли42 qk@mail.ru 8  :Корректно не прописаны все три поля  
Ли qfqdcxdm@mail.ru 3  :Корректно не прописаны все три поля  
  Не прописаны все три значения в строке  
Чехова!!!!1 akwseqmndo@mail.ru 33  :поле имени содержит НЕ только буквы 
agvobvr@mail.ru  Не прописаны все три значения в строке  
Геннадий svdlod@gmail.com 8  :Корректно не прописаны все три поля  
Дмитрий fsfigvam 30  :поле емейл прописана некорректно
Чехова sfqqpkan.ru 22  :поле емейл прописана некорректно
Тролль666 ctzxwzc@mail.ru 66  :поле имени содержит НЕ только буквы 
Владимир mbe@mail.ru 8  :Корректно не прописаны все три поля  
Нагиев ch@gmail.com 3  :Корректно не прописаны все три поля  
Земфира uiirxg@ya.ru 3  :Корректно не прописаны все три поля  
Геннадий ulgezues@ya.ru 3  :Корректно не прописаны все три поля  
Равшан!!!!1 nwllr@mail.ru 82  :поле имени содержит НЕ только буквы 
Тролль bpnldbfph@mail.ru 6  :Корректно не прописаны все три поля  
Тролль ksaanxvd@ya.ru 7  :Корректно не прописаны все три поля  
Михаил sobjayd.mail.ru 27  :поле емейл прописана некорректно
Нагиев 87  Не прописаны все три значения в строке  
Геннадий wvwubur.mail.ru 40  :поле емейл прописана некорректно
cpbytheah@mail.ru  Не прописаны все три значения в строке  
Ли  Не прописаны все три значения в строке  
Джигурда42 kwbkfb@mail.ru 103  :поле имени содержит НЕ только буквы 
Яочуан bhchtjapkg.ru 56  :поле емейл прописана некорректно
Чонгкун oc@mail.ru 4  :Корректно не прописаны все три поля  
Мария nywwxtv.ru 108  :поле емейл прописана некорректно
ybjqbgp@mail.ru  Не прописаны все три значения в строке  
Степан hls@mail.ru 3  :Корректно не прописаны все три поля  
Джигурда fpxtnc.ru 27  :поле емейл прописана некорректно
Нагиев yljsd 110  :Корректно не прописаны все три поля  
141 nfsqhyxv@mail.ru  Не прописаны все три значения в строке  
Степан42 ghg@gmail.com 145  :поле имени содержит НЕ только буквы 
Джигурда uvcoxhwha@mail.ru 4  :Корректно не прописаны все три поля  
129  Не прописаны все три значения в строке  
Равшан gky@ya.ru 4  :Корректно не прописаны все три поля  
Ол132ьга fqmx@mail.ru 44  :поле имени содержит НЕ только буквы 
Волочкова 101 tgly@mail.ru  :Корректно не прописаны все три поля  
Равшан!!!!1 ulxvoyfms@ya.ru 107  :поле имени содержит НЕ только буквы 
Бузова fkzjmcw@mail.ru 7  :Корректно не прописаны все три поля  
Бузова  Не прописаны все три значения в строке  
Равшан 107 wuhjgqty@mail.ru  :Корректно не прописаны все три поля  
Буз23ова rpswrkz@ya.ru 16  :поле имени содержит НЕ только буквы 
Тро345лль qfljiycnrx@gmail.com 112  :поле имени содержит НЕ только буквы 
Степан ggtyzpjy.ru 106  :поле емейл прописана некорректно
Владимир42 cmszgblsqy@mail.ru 53  :поле имени содержит НЕ только буквы 
15 cmtnrpit@gmail.com  Не прописаны все три значения в строке  
Ван ctjvlnjb@gmail.com 5  :Корректно не прописаны все три поля  
Джамшут aob@mail.ru 3  :Корректно не прописаны все три поля  
Ярослав dmhkqpjmsy.mail.ru 92  :поле емейл прописана некорректно
Равшан wtpfigvam 33  :поле емейл прописана некорректно
Ярослав42 juptrzi@mail.ru 110  :поле имени содержит НЕ только буквы 
Степан ocehkdmayt@gmail.com 6  :Корректно не прописаны все три поля  
Пенг cmkb@ya.ru 6  :Корректно не прописаны все три поля  
Ван xwml@ya.ru 9  :Корректно не прописаны все три поля  
Земфира666 sifvssf@gmail.com 51  :поле имени содержит НЕ только буквы 
  Не прописаны все три значения в строке  
56 ggwydsie@gmail.com  Не прописаны все три значения в строке  
Геннадий666 cexzrtyoda@ya.ru 96  :поле имени содержит НЕ только буквы 
Чонгкун lcsgpgnxjo@ya.ru 2  :Корректно не прописаны все три поля  
Владимир dnnvhq@ya.ru 4  :Корректно не прописаны все три поля  
Муммий666 pbwdus@ya.ru 73  :поле имени содержит НЕ только буквы 
Владимир io.mail.ru 62  :поле емейл прописана некорректно
Артём42 tyvnfmq@ya.ru 150  :поле имени содержит НЕ только буквы 
Геннадий666 oyqffzcx@mail.ru 8  :Корректно не прописаны все три поля  
Чехова  Не прописаны все три значения в строке  
Ли fzms@mail.ru 8  :Корректно не прописаны все три поля  
Геннадий 82 uwgn@ya.ru  :Корректно не прописаны все три поля  
Тролль orxybpt@mail.ru 6  :Корректно не прописаны все три поля  
Волочкова vbfuqh@mail.ru 7  :Корректно не прописаны все три поля  
Анна rssqgqsn@gmail.com 2  :Корректно не прописаны все три поля  
Ольга vsnw@mail.ru 7  :Корректно не прописаны все три поля  
  Не прописаны все три значения в строке  
Мария hzaxvnw@mail.ru 3  :Корректно не прописаны все три поля  
Степан jqfrwlozl.mail.ru 25  :поле емейл прописана некорректно
Ли durgnxv@gmail.com 8  :Корректно не прописаны все три поля  
Геннадий ievgg@ya.ru 5  :Корректно не прописаны все три поля  
Муммий wgavggol.mail.ru 60  :поле емейл прописана некорректно
Ли gak@ya.ru 6  :Корректно не прописаны все три поля  
Муммий acfjbpmpc@gmail.com 4  :Корректно не прописаны все три поля  
Анна apsoktjmhv@gmail.com 7  :Корректно не прописаны все три поля  
Муммий irfvx@mail.ru 4  :Корректно не прописаны все три поля  
Ли bbklwbyu@gmail.com 5  :Корректно не прописаны все три поля  
Равшан 105  Не прописаны все три значения в строке  
Дмитрий vvxvjcz@gmail.com 6  :Корректно не прописаны все три поля  
Джамшут wtdu@mail.ru 6  :Корректно не прописаны все три поля  
Ольга jbctsjwkw@mail.ru 7  :Корректно не прописаны все три поля  
Ольга kjoejz@gmail.com 6  :Корректно не прописаны все три поля  
Хенг hcw@ya.ru 2  :Корректно не прописаны все три поля  
Геннадий gsshmidhj@ya.ru 8  :Корректно не прописаны все три поля  
Анна yb@gmail.com 2  :Корректно не прописаны все три поля  
Земфира qekjcihv@ya.ru 9  :Корректно не прописаны все три поля  
  Не прописаны все три значения в строке  
Яочуан 22 jfzjerzm@ya.ru  :Корректно не прописаны все три поля  
Пенг mzrovo@ya.ru 4  :Корректно не прописаны все три поля  
Чонгкун 147 heevtbp@mail.ru  :Корректно не прописаны все три поля  
Волочкова 100  Не прописаны все три значения в строке  
Чехова666 wrnuu@mail.ru 82  :поле имени содержит НЕ только буквы 
Владимир friapwminf@ya.ru 8  :Корректно не прописаны все три поля  
Ван cnk@mail.ru 4  :Корректно не прописаны все три поля  
Михаил42 wdkoz@gmail.com 36  :поле имени содержит НЕ только буквы 
Владимир42 vleqvfntk@gmail.com 81  :поле имени содержит НЕ только буквы 
Чехова slobhsoehy.mail.ru 132  :поле емейл прописана некорректно
Артём qakfigvam 10  :поле емейл прописана некорректно
Яочуан 129  Не прописаны все три значения в строке  
Чехова  Не прописаны все три значения в строке  
Анна kywmxhoiy@ya.ru 4  :Корректно не прописаны все три поля  
  Не прописаны все три значения в строке  
Михаил666 uoludapk@gmail.com 81  :поле имени содержит НЕ только буквы 
Джамшут 58 deqqjvr@mail.ru  :Корректно не прописаны все три поля  
  Не прописаны все три значения в строке  
Земфира demo@mail.ru 7  :Корректно не прописаны все три поля  
Артём!!!!1 voyhigaywy@ya.ru 96  :поле имени содержит НЕ только буквы 
Ольга ofcpseiadu@gmail.com 5  :Корректно не прописаны все три поля  
  Не прописаны все три значения в строке  
Яочуан fudkax@ya.ru 7  :Корректно не прописаны все три поля  
Волочкова42 ctjhza@ya.ru 105  :поле имени содержит НЕ только буквы 
Хенг flyibtoi@ya.ru 2  :Корректно не прописаны все три поля  
131  Не прописаны все три значения в строке  
Волочкова lmc@mail.ru 8  :Корректно не прописаны все три поля  
126  Не прописаны все три значения в строке  
97  Не прописаны все три значения в строке  
Дмитрий ajwqqc@gmail.com 9  :Корректно не прописаны все три поля  
Владимир socqeunoby@gmail.com 7  :Корректно не прописаны все три поля  
Чехова aldzkbzxhw@gmail.com 7  :Корректно не прописаны все три поля  
Ли42 hnrh@mail.ru 70  :поле имени содержит НЕ только буквы 
Чехова mwuv@gmail.com 8  :Корректно не прописаны все три поля  
Гнойный mn@gmail.com 5  :Корректно не прописаны все три поля  
Тролль fogddqb.mail.ru 32  :поле емейл прописана некорректно
Чонгкун kwsxfmimuz.ru 100  :поле емейл прописана некорректно
Пенг!!!!1 qolddv@ya.ru 13  :поле имени содержит НЕ только буквы 
  Не прописаны все три значения в строке  
Бузова urib@ya.ru 4  :Корректно не прописаны все три поля  
Тролль xcjgsdrdfg@mail.ru 5  :Корректно не прописаны все три поля  
30 dd@ya.ru  Не прописаны все три значения в строке  
Джамшут iphwumhx@gmail.com 4  :Корректно не прописаны все три поля  
Чехова exhsxhnywp.mail.ru 106  :поле емейл прописана некорректно
Чехова lkt.ru 4  :Корректно не прописаны все три поля  
Михаил aqb.ru 8  :Корректно не прописаны все три поля  
Ли qbakcy@gmail.com 7  :Корректно не прописаны все три поля  
Джамшут kl@gmail.com 8  :Корректно не прописаны все три поля  
iscwls@mail.ru  Не прописаны все три значения в строке  
Ли rg@gmail.com 7  :Корректно не прописаны все три поля  
Геннадий hnbfigvam 91  :поле емейл прописана некорректно
Ли vlzxq@ya.ru 7  :Корректно не прописаны все три поля  
Джигурда ikdexopfigvam 36  :поле емейл прописана некорректно
Равшан bhqptkqsxp.ru 71  :поле емейл прописана некорректно
Анна 32 ypbr@ya.ru  :Корректно не прописаны все три поля  
  Не прописаны все три значения в строке  
Сянцзян!!!!1 rapatjhfu@ya.ru 35  :поле имени содержит НЕ только буквы 
Ольга wafchyic.mail.ru 132  :поле емейл прописана некорректно
Хенг42 yuhwiqiqru@ya.ru 33  :поле имени содержит НЕ только буквы 
Гнойный jvhsfmenfigvam 66  :поле емейл прописана некорректно
Артём klqwuxbuk@ya.ru 9  :Корректно не прописаны все три поля  
Тролль!!!!1 vnjbbbj@ya.ru 125  :поле имени содержит НЕ только буквы 
Хенг vf@ya.ru 6  :Корректно не прописаны все три поля  
Яочуан igs 94  :Корректно не прописаны все три поля  
Ли rr@gmail.com 3  :Корректно не прописаны все три поля  
Бузова lzoteb.ru 98  :поле емейл прописана некорректно
Михаил tnl.mail.ru 112  :поле емейл прописана некорректно
Муммий swmah@ya.ru 7  :Корректно не прописаны все три поля  
5  Не прописаны все три значения в строке  
Нагиев42 asdzldv@mail.ru 36  :поле имени содержит НЕ только буквы 
Равшан!!!!1 jqw@mail.ru 117  :поле имени содержит НЕ только буквы 
Чонгкун oiql@mail.ru 2  :Корректно не прописаны все три поля  
Тролль gpzfq@gmail.com 8  :Корректно не прописаны все три поля  
Нагиев hg@ya.ru 8  :Корректно не прописаны все три поля  
Яочуан uutieern@mail.ru 7  :Корректно не прописаны все три поля  
Геннадий42 mtg@mail.ru 132  :поле имени содержит НЕ только буквы 
Муммий gbzrkosbu@mail.ru 2  :Корректно не прописаны все три поля  
Нагиев jcpn@gmail.com 9  :Корректно не прописаны все три поля  
Чехова by@ya.ru 7  :Корректно не прописаны все три поля  
Геннадий mvpzhbwi@gmail.com 7  :Корректно не прописаны все три поля  
Джамшут kewzicxrnvfigvam 51  :поле емейл прописана некорректно
Чонгкун zzvnzjfigvam 19  :поле емейл прописана некорректно
Муммий42 alvtqkcbkg@gmail.com 83  :поле имени содержит НЕ только буквы 
  Не прописаны все три значения в строке  
Ольга jefdot.mail.ru 122  :поле емейл прописана некорректно
Тролль siapwsvy.mail.ru 58  :поле емейл прописана некорректно
Ли yhuqqifqg.mail.ru 7  :Корректно не прописаны все три поля  
Тролль42 jopvz@ya.ru 150  :поле имени содержит НЕ только буквы 
Ольга jxq@gmail.com 4  :Корректно не прописаны все три поля  
Ли!!!!1 qyuxuh@ya.ru 135  :поле имени содержит НЕ только буквы 
Ольга rdv@ya.ru 5  :Корректно не прописаны все три поля  
Джигурда dbankcjufb@mail.ru 8  :Корректно не прописаны все три поля  
Дмитрий oviwvehnbi@ya.ru 7  :Корректно не прописаны все три поля  
Хенг!!!!1 djjv@gmail.com 31  :поле имени содержит НЕ только буквы 
Степан jzklf.mail.ru 34  :поле емейл прописана некорректно
Земфира wasrqvxns 149  :поле емейл прописана некорректно
kxfxiixqkx@mail.ru  Не прописаны все три значения в строке  
Ярослав jebog 74  :Корректно не прописаны все три поля  
Чонгкун wg@mail.ru  Не прописаны все три значения в строке  
Бузова cpnjyl@mail.ru 8  :Корректно не прописаны все три поля  
Хенг eepmcpilh@ya.ru 3  :Корректно не прописаны все три поля  
Ли epc@mail.ru 4  :Корректно не прописаны все три поля  
Яочуан 88 ikbtseq@ya.ru  :Корректно не прописаны все три поля  
Чонгкун gcehbwhju.mail.ru 150  :поле емейл прописана некорректно
Ольга qug@gmail.com 9  :Корректно не прописаны все три поля  
Чонгкун oqkc.ru 13  :поле емейл прописана некорректно
Хенг tcp@gmail.com 9  :Корректно не прописаны все три поля  
Тролль cnzbzhqiz@gmail.com 7  :Корректно не прописаны все три поля  
Сянцзян tfctawcufc@mail.ru 8  :Корректно не прописаны все три поля  
Земфира czqzlq@mail.ru 4  :Корректно не прописаны все три поля  
Мария  Не прописаны все три значения в строке  
Сянцзян klwbk@mail.ru 6  :Корректно не прописаны все три поля  
  Не прописаны все три значения в строке  
Ван mfxzwln.ru 127  :поле емейл прописана некорректно
Пенг dcxj.mail.ru 95  :поле емейл прописана некорректно
Чехова  Не прописаны все три значения в строке  
Тролль wq@ya.ru 2  :Корректно не прописаны все три поля  
Ольга!!!!1 viyrj@mail.ru 113  :поле имени содержит НЕ только буквы 
Тролль gc@gmail.com 2  :Корректно не прописаны все три поля  
Анна 119 fexcxtfa@ya.ru  :Корректно не прописаны все три поля  
Яочуан ythrya@gmail.com 9  :Корректно не прописаны все три поля  
Нагиев666 mod@gmail.com 104  :поле имени содержит НЕ только буквы 
Артём 55 qtidgm@ya.ru  :Корректно не прописаны все три поля  
Волочкова kxcjfigvam 32  :поле емейл прописана некорректно
Михаил mgctal.mail.ru 80  :поле емейл прописана некорректно
Мария666 fcncrvva@gmail.com 86  :поле имени содержит НЕ только буквы 
Гнойный vxlfaav@ya.ru 4  :Корректно не прописаны все три поля  
Ли42 roqpmycj@gmail.com 87  :поле имени содержит НЕ только буквы 
Тролль!!!!1 dyc@mail.ru 18  :поле имени содержит НЕ только буквы 
Ольга htsotq@mail.ru 8  :Корректно не прописаны все три поля  
46 knt@mail.ru  Не прописаны все три значения в строке  
Равшан redczbi@ya.ru 3  :Корректно не прописаны все три поля  
Волочкова ztnqc@ya.ru 6  :Корректно не прописаны все три поля  
Ольга nykbtlfigvam 113  :поле емейл прописана некорректно
Ли ul@gmail.com 8  :Корректно не прописаны все три поля  
Тролль 8 vy@mail.ru  :Корректно не прописаны все три поля  
Степан xwwreehf@ya.ru 5  :Корректно не прописаны все три поля  
Артём666 yw@gmail.com 116  :поле имени содержит НЕ только буквы 
Волочкова ic@gmail.com 5  :Корректно не прописаны все три поля  
Ольга 19  Не прописаны все три значения в строке  
Тролль ru@mail.ru 9  :Корректно не прописаны все три поля  
Ольга utxfrxutc@ya.ru 9  :Корректно не прописаны все три поля  
Артём!!!!1 cgi@gmail.com 64  :поле имени содержит НЕ только буквы 
Гнойный lxtl 26  :Корректно не прописаны все три поля  
Степан 137  Не прописаны все три значения в строке  
Геннадий42 tnmohqwgvr@gmail.com 59  :поле имени содержит НЕ только буквы 
Ярослав ipt.ru 124  :поле емейл прописана некорректно
Ольга pqi@ya.ru 6  :Корректно не прописаны все три поля  
Геннадий wck@mail.ru 6  :Корректно не прописаны все три поля  
  Не прописаны все три значения в строке  
  Не прописаны все три значения в строке  
Ярослав lst.ru 106  :поле емейл прописана некорректно
Ван kflbhfigvam 139  :поле емейл прописана некорректно
Ольга tlxdysnw.ru 30  :поле емейл прописана некорректно
Хенг ceo@gmail.com 5  :Корректно не прописаны все три поля  
Яочуан lnknfw@gmail.com 3  :Корректно не прописаны все три поля  
Равшан jbdx.mail.ru 14  :поле емейл прописана некорректно
Дмитрий jcf 24  :Корректно не прописаны все три поля  
Яочуан yral@ya.ru 2  :Корректно не прописаны все три поля  
Артём 129  Не прописаны все три значения в строке  
Сянцзян motanthdic.ru 32  :поле емейл прописана некорректно
Хенг666 sbzghymivf@gmail.com 93  :поле имени содержит НЕ только буквы 
Анна666 mdnu@mail.ru 97  :поле имени содержит НЕ только буквы 
36  Не прописаны все три значения в строке  
Владимир nxqchasujo@ya.ru 8  :Корректно не прописаны все три поля  
kgzptyc@gmail.com  Не прописаны все три значения в строке  
Михаил666 im@mail.ru 105  :поле имени содержит НЕ только буквы 
Земфира ytlcbnwg.mail.ru 89  :поле емейл прописана некорректно
Геннадий 62 qoe@gmail.com  :Корректно не прописаны все три поля  
Ярослав zsdy@mail.ru 9  :Корректно не прописаны все три поля  
Ольга fthuevxwsv.mail.ru 71  :поле емейл прописана некорректно
Хенг plobbkhfigvam 92  :поле емейл прописана некорректно
Тролль dstyofs.ru 18  :поле емейл прописана некорректно
Волочкова licpql@ya.ru 8  :Корректно не прописаны все три поля  
Ольга htzckdbk@mail.ru 8  :Корректно не прописаны все три поля  
  Не прописаны все три значения в строке  
Ярослав dzlzrtjnnh.ru 71  :поле емейл прописана некорректно
Ольга trzbaj@gmail.com 6  :Корректно не прописаны все три поля  
Хенг666 slynt@gmail.com 64  :поле имени содержит НЕ только буквы 
Анна wplbppda@gmail.com 8  :Корректно не прописаны все три поля  
Артём gglgzcn@ya.ru 9  :Корректно не прописаны все три поля  
Земфира 18  Не прописаны все три значения в строке  
Степан epilrhmjve@mail.ru 4  :Корректно не прописаны все три поля  
Равшан 93 evyhc@mail.ru  :Корректно не прописаны все три поля  
Геннадий 7  Не прописаны все три значения в строке  
Пенг rbqiem.mail.ru 47  :поле емейл прописана некорректно
Геннадий fboufvjna 7  :Корректно не прописаны все три поля  
Чехова bch@ya.ru 2  :Корректно не прописаны все три поля  
Ван!!!!1 udlzkizctr@ya.ru 107  :поле имени содержит НЕ только буквы 
Артём ypsfjkarm@mail.ru 4  :Корректно не прописаны все три поля  
Муммий njaedjnhr.ru 144  :поле емейл прописана некорректно
Сянцзян cgirs 51  :Корректно не прописаны все три поля  
Степан zug.mail.ru 104  :поле емейл прописана некорректно
Ван 22 jgcjseqdap@mail.ru  :Корректно не прописаны все три поля  
  Не прописаны все три значения в строке  
Пенг42 dclwgk@mail.ru 103  :поле имени содержит НЕ только буквы 
Бузова kmciqrp@gmail.com 8  :Корректно не прописаны все три поля  
Ван 55 nopdpm@ya.ru  :Корректно не прописаны все три поля  
  Не прописаны все три значения в строке  
Михаил veszz@gmail.com 5  :Корректно не прописаны все три поля  
Владимир xcdvp@mail.ru 4  :Корректно не прописаны все три поля  
Анна uyuaeptzut.mail.ru 29  :поле емейл прописана некорректно
Бузова 146  Не прописаны все три значения в строке  
  Не прописаны все три значения в строке  
Волочкова666 hgwb@mail.ru 40  :поле имени содержит НЕ только буквы 
Джамшут666 lbvf@ya.ru 3  :Корректно не прописаны все три поля  
Волочкова pbtp@gmail.com 8  :Корректно не прописаны все три поля  
Ли!!!!1 svvlhtyaer@gmail.com 126  :поле имени содержит НЕ только буквы 
Волочкова ssws 131  :Корректно не прописаны все три поля  
Ольга hznnzk@mail.ru 3  :Корректно не прописаны все три поля  
Анна dsyhrkx@ya.ru 5  :Корректно не прописаны все три поля  
Мария!!!!1 elrrrak@gmail.com 145  :поле имени содержит НЕ только буквы 
Бузова!!!!1 drxmptu@ya.ru 150  :поле имени содержит НЕ только буквы 
14 jgyipipd@mail.ru  Не прописаны все три значения в строке  
Чехова666 icum@ya.ru 75  :поле имени содержит НЕ только буквы 
Геннадий!!!!1 xqyiiqmu@ya.ru 93  :поле имени содержит НЕ только буквы 
Анна666 bhy@mail.ru 81  :поле имени содержит НЕ только буквы 
  Не прописаны все три значения в строке  
Хенг 6 ogogbyvjqa@ya.ru  :Корректно не прописаны все три поля  
Гнойный jftljjgx@ya.ru 3  :Корректно не прописаны все три поля  
Хенг cbzbt@mail.ru 7  :Корректно не прописаны все три поля  
Владимир gv.ru 45  :Корректно не прописаны все три поля  
Дмитрий ihksbqnp@gmail.com 7  :Корректно не прописаны все три поля  
Степан lfhfigvam 121  :поле емейл прописана некорректно
Артём qnkm 76  :Корректно не прописаны все три поля  
Нагиев dwkbncjf@ya.ru 2  :Корректно не прописаны все три поля  
112  Не прописаны все три значения в строке  
Тролль exla.mail.ru 101  :поле емейл прописана некорректно
Геннадий sg@gmail.com 3  :Корректно не прописаны все три поля  
Дмитрий666 bmrblqh@ya.ru 127  :поле имени содержит НЕ только буквы 
107 bb@mail.ru  Не прописаны все три значения в строке  
Джигурда!!!!1 tyax@gmail.com 105  :поле имени содержит НЕ только буквы 
Михаил42 dhgvpe@mail.ru 13  :поле имени содержит НЕ только буквы 
Ли42 hekgqk@gmail.com 10  :поле имени содержит НЕ только буквы 
Сянцзян hhjxiwemh@ya.ru 6  :Корректно не прописаны все три поля  
Земфира flsvad@mail.ru 6  :Корректно не прописаны все три поля  
Хенг pjkyj@gmail.com 9  :Корректно не прописаны все три поля  
Гнойный wiwi@mail.ru 2  :Корректно не прописаны все три поля  
Волочкова kuqsbu@mail.ru 8  :Корректно не прописаны все три поля  
Равшан fidnqzhczd@ya.ru 9  :Корректно не прописаны все три поля  
Владимир osqj@mail.ru 8  :Корректно не прописаны все три поля  
Мария zwjx.mail.ru 13  :поле емейл прописана некорректно
Яочуан!!!!1 cate@mail.ru 28  :поле имени содержит НЕ только буквы 
Ольга666 czn@gmail.com 5  :Корректно не прописаны все три поля  
Анна!!!!1 zvvvxxazm@ya.ru 136  :поле имени содержит НЕ только буквы 
Михаил666 pobkr@mail.ru 44  :поле имени содержит НЕ только буквы 
Чехова!!!!1 rqe@ya.ru 77  :поле имени содержит НЕ только буквы 
Ли42 fazjydtmu@mail.ru 102  :поле имени содержит НЕ только буквы 
Муммий dehrytapi 115  :поле емейл прописана некорректно
Артём!!!!1 sqhboz@mail.ru 19  :поле имени содержит НЕ только буквы 
  Не прописаны все три значения в строке  
Пенг tbsdw@mail.ru 6  :Корректно не прописаны все три поля  
Сянцзян ciu 70  :Корректно не прописаны все три поля  
  Не прописаны все три значения в строке  
Бузова knyxlqtmtr@mail.ru 9  :Корректно не прописаны все три поля  
Ли ligi@gmail.com 5  :Корректно не прописаны все три поля  
87  Не прописаны все три значения в строке  
ejgooayrv@mail.ru  Не прописаны все три значения в строке  
Бузова666 kiqdpnibn@gmail.com 110  :поле имени содержит НЕ только буквы 
Дмитрий42 haf@ya.ru 81  :поле имени содержит НЕ только буквы 
Ярослав!!!!1 gwbiua@mail.ru 93  :поле имени содержит НЕ только буквы 
Ли pok.ru 127  :поле емейл прописана некорректно
Хенг!!!!1 fvsosqu@gmail.com 145  :поле имени содержит НЕ только буквы 
Джигурда ohyyjkh.mail.ru 41  :поле емейл прописана некорректно
Яочуан666 ekbmjc@ya.ru 53  :поле имени содержит НЕ только буквы 
Артём 88 febb@ya.ru  :Корректно не прописаны все три поля  
  Не прописаны все три значения в строке  
Яочуан eehujcn@gmail.com 9  :Корректно не прописаны все три поля  
Волочкова nxz@ya.ru 4  :Корректно не прописаны все три поля  
  Не прописаны все три значения в строке  
Ярослав!!!!1 lepxwlipc@gmail.com 115  :поле имени содержит НЕ только буквы 
Ольга666 xbelu@mail.ru 145  :поле имени содержит НЕ только буквы 
  Не прописаны все три значения в строке  
Нагиев wpf@gmail.com 9  :Корректно не прописаны все три поля  
Ярослав42 tqhpyaet@mail.ru 147  :поле имени содержит НЕ только буквы 
Ван chyvfv@mail.ru 9  :Корректно не прописаны все три поля  
owjaajw@mail.ru  Не прописаны все три значения в строке  
Чонгкун nxwtrbdqgx@ya.ru 2  :Корректно не прописаны все три поля  
Сянцзян ewo@ya.ru 5  :Корректно не прописаны все три поля  
Гнойный fjlrym 29  :поле емейл прописана некорректно
Сянцзян jq@gmail.com  Не прописаны все три значения в строке  
Михаил fzrjtnqn.mail.ru 128  :поле емейл прописана некорректно
Земфира cwak@ya.ru 5  :Корректно не прописаны все три поля  
Геннадий noaq@gmail.com 7  :Корректно не прописаны все три поля  
Чонгкун tpol@gmail.com 6  :Корректно не прописаны все три поля  
Джамшут gjbkcaii 144  :поле емейл прописана некорректно
Тролль 136 hzw@gmail.com  :Корректно не прописаны все три поля  
Нагиев ejoaxlgoufigvam 126  :поле емейл прописана некорректно
Сянцзян!!!!1 rq@gmail.com 134  :поле имени содержит НЕ только буквы 
Михаил!!!!1 kjuf@gmail.com 98  :поле имени содержит НЕ только буквы 
Ольга eziey@gmail.com 3  :Корректно не прописаны все три поля  
Ольга naignivwjc@ya.ru 2  :Корректно не прописаны все три поля  
  Не прописаны все три значения в строке  
Земфира lh@gmail.com 4  :Корректно не прописаны все три поля  
Артём42 wshueb@mail.ru 83  :поле имени содержит НЕ только буквы 
Ли42 hoosxc@ya.ru 136  :поле имени содержит НЕ только буквы 
Муммий oaxfigvam 120  :поле емейл прописана некорректно
Чонгкун!!!!1 ewxbct@ya.ru 68  :поле имени содержит НЕ только буквы 
  Не прописаны все три значения в строке  
Нагиев  Не прописаны все три значения в строке  
Муммий qjefqqvvam@gmail.com 5  :Корректно не прописаны все три поля  
Нагиев vj@gmail.com 9  :Корректно не прописаны все три поля  
Ольга42 zs@gmail.com 134  :поле имени содержит НЕ только буквы 
Яочуан fyiscl@gmail.com 9  :Корректно не прописаны все три поля  
Дмитрий ypwlitbqvwfigvam 81  :поле емейл прописана некорректно
Равшан pn.mail.ru 103  :поле емейл прописана некорректно
Ольга iendazkzx@gmail.com 7  :Корректно не прописаны все три поля  
80 ymaxeliarj@ya.ru  Не прописаны все три значения в строке  
Анна kmsoeiulkf@mail.ru 2  :Корректно не прописаны все три поля  
Ван ym 136  :Корректно не прописаны все три поля  
Волочкова fjuilumo 32  :поле емейл прописана некорректно
Яочуан orirqfztv@ya.ru 9  :Корректно не прописаны все три поля  
Гнойный ft@mail.ru 9  :Корректно не прописаны все три поля  
Чехова nba@gmail.com 6  :Корректно не прописаны все три поля  
Чонгкун42 twtho@gmail.com 139  :поле имени содержит НЕ только буквы 
Дмитрий ecn@mail.ru 4  :Корректно не прописаны все три поля  
Волочкова fvyotsngls@mail.ru 6  :Корректно не прописаны все три поля  
mngkagkbtg@gmail.com  Не прописаны все три значения в строке  
Ольга!!!!1 iqmlvlgwie@ya.ru 148  :поле имени содержит НЕ только буквы 
Нагиев pccnogsbbx@ya.ru 9  :Корректно не прописаны все три поля  
Чонгкун mrnhdj@gmail.com 9  :Корректно не прописаны все три поля  
Чехова gcczwqtvwo@mail.ru 2  :Корректно не прописаны все три поля  
Дмитрий nyc.ru 125  :поле емейл прописана некорректно
Мария nc@gmail.com  Не прописаны все три значения в строке  
Ярослав vc 34  :Корректно не прописаны все три поля  
Нагиев oxbssyj.ru 80  :поле емейл прописана некорректно
Ли ih 150  :Корректно не прописаны все три поля  
99  Не прописаны все три значения в строке  
Пенг vwwmiqn@ya.ru 4  :Корректно не прописаны все три поля  
Ван!!!!1 gqnvyazgeb@ya.ru 2  :Корректно не прописаны все три поля  
Бузова tyqrzwai@gmail.com 7  :Корректно не прописаны все три поля  
Владимир fhmqhdgps@mail.ru 4  :Корректно не прописаны все три поля  
93  Не прописаны все три значения в строке  
Михаил!!!!1 edwwl@gmail.com 65  :поле имени содержит НЕ только буквы 
Ольга!!!!1 ahtwhcnt@gmail.com 46  :поле имени содержит НЕ только буквы 
Михаил!!!!1 twlsmljrn@ya.ru 7  :Корректно не прописаны все три поля  
Геннадий kzfigvam 55  :поле емейл прописана некорректно
uhdbu@mail.ru  Не прописаны все три значения в строке  
Чехова 113  Не прописаны все три значения в строке  
Джамшут uo@mail.ru 6  :Корректно не прописаны все три поля  
  Не прописаны все три значения в строке  
Степан lbbllj.mail.ru 51  :поле емейл прописана некорректно
Михаил zmfqjj@mail.ru 2  :Корректно не прописаны все три поля  
Ольга qyocmests@mail.ru 8  :Корректно не прописаны все три поля  
Пенг666 ejt@mail.ru 2  :Корректно не прописаны все три поля  
Мария mp.mail.ru 69  :поле емейл прописана некорректно
Геннадий qmcho@ya.ru 7  :Корректно не прописаны все три поля  
Ван srkgipgl@mail.ru 4  :Корректно не прописаны все три поля  
65 ezk@gmail.com  Не прописаны все три значения в строке  
Ольга sjceumty@mail.ru 2  :Корректно не прописаны все три поля  
Дмитрий uroospei@ya.ru 6  :Корректно не прописаны все три поля  
Дмитрий  Не прописаны все три значения в строке  
Муммий uq@gmail.com 2  :Корректно не прописаны все три поля  
Земфира jqsuiethvsfigvam 94  :поле емейл прописана некорректно
Хенг!!!!1 xoxlplp@ya.ru 13  :поле имени содержит НЕ только буквы 
Яочуан 8 qcf@ya.ru  :Корректно не прописаны все три поля  
  Не прописаны все три значения в строке  
Ли42 idxtdoq@gmail.com 73  :поле имени содержит НЕ только буквы 
Владимир gz.mail.ru 24  :поле емейл прописана некорректно
Владимир  Не прописаны все три значения в строке  
Сянцзян tc@ya.ru 8  :Корректно не прописаны все три поля  
Артём zlkcjjj@gmail.com 5  :Корректно не прописаны все три поля  
Бузова gzgj@ya.ru 6  :Корректно не прописаны все три поля  
Чехова hhwr.ru 14  :поле емейл прописана некорректно
Михаил 10  Не прописаны все три значения в строке  
Муммий iydzybd.ru 116  :поле емейл прописана некорректно
Чонгкун!!!!1 zohgk@mail.ru 128  :поле имени содержит НЕ только буквы 
Земфира lt@ya.ru 2  :Корректно не прописаны все три поля  
Чонгкун  Не прописаны все три значения в строке  
Волочкова mhzzbyulm.ru 125  :поле емейл прописана некорректно
Сянцзян!!!!1 yxjlmnjyd@ya.ru 58  :поле имени содержит НЕ только буквы 
Ван666 de@ya.ru 58  :поле имени содержит НЕ только буквы 
  Не прописаны все три значения в строке  
Бузова nts@ya.ru 2  :Корректно не прописаны все три поля  
Чехова huqobqc@mail.ru  Не прописаны все три значения в строке  
Сянцзян  Не прописаны все три значения в строке  
Пенг  Не прописаны все три значения в строке  
Равшан pnc@mail.ru 4  :Корректно не прописаны все три поля  
Волочкова mknifigvam 36  :поле емейл прописана некорректно
Геннадий prras 69  :Корректно не прописаны все три поля  
Геннадий666 cgbhqq@ya.ru 44  :поле имени содержит НЕ только буквы 
130  Не прописаны все три значения в строке  
Джигурда!!!!1 fyjbwfgwau@mail.ru 134  :поле имени содержит НЕ только буквы 
Муммий phqqbhiaob@gmail.com 2  :Корректно не прописаны все три поля  
Джигурда vawdhy.ru 119  :поле емейл прописана некорректно
Ярослав tizanpv 79  :поле емейл прописана некорректно
Муммий42 jptag@gmail.com 16  :поле имени содержит НЕ только буквы 
Геннадий 95  Не прописаны все три значения в строке  
uzwykma@ya.ru  Не прописаны все три значения в строке  
  Не прописаны все три значения в строке  
Бузова!!!!1 plftnpbjo@gmail.com 99  :поле имени содержит НЕ только буквы 
Сянцзян 146 stgpc@mail.ru  :Корректно не прописаны все три поля  
Чехова 129 juee@mail.ru  :Корректно не прописаны все три поля  
Ли42 qc@gmail.com 65  :поле имени содержит НЕ только буквы 
Степан!!!!1 psa@mail.ru 78  :поле имени содержит НЕ только буквы 
Мария kcmmdd@mail.ru 8  :Корректно не прописаны все три поля  
Джамшут eaupe@mail.ru 8  :Корректно не прописаны все три поля  
Волочкова scjyezqh@gmail.com 3  :Корректно не прописаны все три поля  
Дмитрий666 ca@ya.ru 24  :поле имени содержит НЕ только буквы 
Ли suys@ya.ru 4  :Корректно не прописаны все три поля  
  Не прописаны все три значения в строке  
Ольга42 zktj@ya.ru 103  :поле имени содержит НЕ только буквы 
Ярослав42 tjtavv@mail.ru 55  :поле имени содержит НЕ только буквы 
Ольга vr@gmail.com 4  :Корректно не прописаны все три поля  
ffmpsyec@ya.ru  Не прописаны все три значения в строке  
Пенг666 pc@ya.ru 60  :поле имени содержит НЕ только буквы 
Волочкова pzqt@ya.ru 4  :Корректно не прописаны все три поля  
Муммий mnyzw@mail.ru 9  :Корректно не прописаны все три поля  
Чонгкун42 zvjlxq@ya.ru 11  :поле имени содержит НЕ только буквы 
76 yaopefnl@ya.ru  Не прописаны все три значения в строке  
Ли nibi.ru 40  :поле емейл прописана некорректно
Геннадий jwzaovxl@mail.ru 2  :Корректно не прописаны все три поля  
Бузова42 xutf@ya.ru 71  :поле имени содержит НЕ только буквы 
45 bvccuqc@mail.ru  Не прописаны все три значения в строке  
Ли42 zmyxuszbn@mail.ru 55  :поле имени содержит НЕ только буквы 
Ли 75  Не прописаны все три значения в строке  
Артём!!!!1 ow@ya.ru 22  :поле имени содержит НЕ только буквы 
Ли vaiwikoec.mail.ru 2  :Корректно не прописаны все три поля  
Анна tuk 58  :Корректно не прописаны все три поля  
Тролль!!!!1 cxknkqoch@gmail.com 110  :поле имени содержит НЕ только буквы 
Нагиев 8 txjlbbrry@gmail.com  :Корректно не прописаны все три поля  
Ольга xmcyhosw@ya.ru 3  :Корректно не прописаны все три поля  
Земфира 27 ugvcfouep@gmail.com  :Корректно не прописаны все три поля  
Чонгкун ekzzr@ya.ru 7  :Корректно не прописаны все три поля  
Артём nenrkg 127  :поле емейл прописана некорректно
Джигурда svjfigvam 9  :Корректно не прописаны все три поля  
Чонгкун mxzado@ya.ru 6  :Корректно не прописаны все три поля  
Сянцзян iy@gmail.com 8  :Корректно не прописаны все три поля  
Дмитрий!!!!1 oievg@gmail.com 128  :поле имени содержит НЕ только буквы 
Степан dvtiikej.mail.ru 7  :Корректно не прописаны все три поля  
Нагиев42 erskys@mail.ru 90  :поле имени содержит НЕ только буквы 
Ли666 sithhxg@mail.ru 109  :поле имени содержит НЕ только буквы 
xnbijie@mail.ru  Не прописаны все три значения в строке  
Артём hqe@mail.ru 2  :Корректно не прописаны все три поля  
Тролль666 ljkbzhpig@mail.ru 37  :поле имени содержит НЕ только буквы 
Ли uwedscch@ya.ru 8  :Корректно не прописаны все три поля  
Джамшут tzrghnl.ru 66  :поле емейл прописана некорректно
Хенг ms.mail.ru 50  :поле емейл прописана некорректно
113 qc@ya.ru  Не прописаны все три значения в строке  
Ярослав!!!!1 gp@ya.ru 144  :поле имени содержит НЕ только буквы 
Ли ooieeb@mail.ru 3  :Корректно не прописаны все три поля  
Михаил 11  Не прописаны все три значения в строке  
Геннадий vzfvmch@mail.ru 6  :Корректно не прописаны все три поля  
Нагиев!!!!1 vgotntrh@mail.ru 106  :поле имени содержит НЕ только буквы 
Ярослав666 xh@ya.ru 7  :Корректно не прописаны все три поля  
Ли htbndct@ya.ru 5  :Корректно не прописаны все три поля  
Геннадий qplkoodi@ya.ru 9  :Корректно не прописаны все три поля  
Дмитрий gkg@mail.ru 7  :Корректно не прописаны все три поля  
Ольга gapiwdeth@gmail.com 7  :Корректно не прописаны все три поля  
Волочкова wqsnhiw@ya.ru 4  :Корректно не прописаны все три поля  
Анна zsmyojo@ya.ru 7  :Корректно не прописаны все три поля  
Ван nzleafoqxt@ya.ru  Не прописаны все три значения в строке  
Пенг tnxoigdmfigvam 86  :поле емейл прописана некорректно
Геннадий gfs.ru 102  :поле емейл прописана некорректно
Чехова cqglvikwrc 69  :поле емейл прописана некорректно
Хенг depdrtokh 83  :поле емейл прописана некорректно
Равшан kolbizt@mail.ru 2  :Корректно не прописаны все три поля  
Хенг ffmziwzil@ya.ru 4  :Корректно не прописаны все три поля  
Ли ltlticqtnc@mail.ru 8  :Корректно не прописаны все три поля  
Мария666 jhy@mail.ru 56  :поле имени содержит НЕ только буквы 
Михаил ryfxurvyoy.mail.ru 117  :поле емейл прописана некорректно
Тролль zrqy@gmail.com 3  :Корректно не прописаны все три поля  
  Не прописаны все три значения в строке  
Геннадий ksna 64  :Корректно не прописаны все три поля  
Михаил ej@ya.ru 4  :Корректно не прописаны все три поля  
Мария hb@gmail.com 8  :Корректно не прописаны все три поля  
Тролль delkswdgqh@gmail.com  Не прописаны все три значения в строке  
Ольга42 lohh@ya.ru 2  :Корректно не прописаны все три поля  
95 hagpmhru@gmail.com  Не прописаны все три значения в строке  
Тролль aevtfigvam 103  :поле емейл прописана некорректно
Волочкова 11 cwiinxbojd@gmail.com  :Корректно не прописаны все три поля  
  Не прописаны все три значения в строке  
Мария ykwwr.mail.ru 29  :поле емейл прописана некорректно
Дмитрий mxjyith 137  :поле емейл прописана некорректно
Гнойный 43 gxopkqfx@mail.ru  :Корректно не прописаны все три поля  
Яочуан vetjweyah.mail.ru 122  :поле емейл прописана некорректно
Артём vmr.mail.ru 149  :поле емейл прописана некорректно
Тролль el.mail.ru 49  :поле емейл прописана некорректно
Гнойный666 bjaselri@ya.ru 42  :поле имени содержит НЕ только буквы 
Тролль gvgfoo@ya.ru 8  :Корректно не прописаны все три поля  
Ван jouht 41  :Корректно не прописаны все три поля  
Михаил  Не прописаны все три значения в строке  
Ольга nxgxiqbpufigvam 75  :поле емейл прописана некорректно
Сянцзян eojj@mail.ru 9  :Корректно не прописаны все три поля  
Джигурда bnqmijgdktfigvam 89  :поле емейл прописана некорректно
vcyyfijz@ya.ru  Не прописаны все три значения в строке  
Дмитрий vxj.mail.ru 105  :поле емейл прописана некорректно
Геннадий lk.mail.ru 66  :поле емейл прописана некорректно
Владимир xkvflxp@ya.ru 6  :Корректно не прописаны все три поля  
Земфира ljqv.ru 35  :поле емейл прописана некорректно
Владимир666 safgslhnp@ya.ru 98  :поле имени содержит НЕ только буквы 
  Не прописаны все три значения в строке  
Ольга 58 est@ya.ru  :Корректно не прописаны все три поля  
Джигурда42 xbb@gmail.com 19  :поле имени содержит НЕ только буквы 
Ольга!!!!1 cf@mail.ru 6  :Корректно не прописаны все три поля  
Ли42 oz.ru 32  :Корректно не прописаны все три поля  
Ольга wkms@mail.ru 2  :Корректно не прописаны все три поля  
Ольга agxnbqt.mail.ru 41  :поле емейл прописана некорректно
Ольга fbrwxru@mail.ru 8  :Корректно не прописаны все три поля  
Ольга llr@ya.ru 3  :Корректно не прописаны все три поля  
Артём fbd@gmail.com 5  :Корректно не прописаны все три поля  
Владимир 81  Не прописаны все три значения в строке  
Сянцзян!!!!1 kznhswm@ya.ru 107  :поле имени содержит НЕ только буквы 
Геннадий gxtdyx@ya.ru 5  :Корректно не прописаны все три поля  
Гнойный uacperoizt@ya.ru 9  :Корректно не прописаны все три поля  
Волочкова666 dwpensufag@gmail.com 142  :поле имени содержит НЕ только буквы 
Ли hfge 128  :Корректно не прописаны все три поля  
Геннадий!!!!1 dtxkypyyb@ya.ru 74  :поле имени содержит НЕ только буквы 
Ольга znh.mail.ru 21  :поле емейл прописана некорректно
tzxak@gmail.com  Не прописаны все три значения в строке  
Дмитрий ym.ru 71  :Корректно не прописаны все три поля  
Геннадий ahnlz@ya.ru 7  :Корректно не прописаны все три поля  
Артём666 ckyk@gmail.com 22  :поле имени содержит НЕ только буквы 
Чонгкун ik@ya.ru 6  :Корректно не прописаны все три поля  
Мария mk@ya.ru 3  :Корректно не прописаны все три поля  
Равшан hr@mail.ru 2  :Корректно не прописаны все три поля  
Степан 117 zcrcsztr@gmail.com  :Корректно не прописаны все три поля  
Ярослав fgwinfsvhk@ya.ru  Не прописаны все три значения в строке  
Равшан kbjmp 124  :Корректно не прописаны все три поля  
Нагиев42 tb@gmail.com 109  :поле имени содержит НЕ только буквы 
Ли nbatwifz@gmail.com 3  :Корректно не прописаны все три поля  
Хенг42 iaruxbanv@gmail.com 51  :поле имени содержит НЕ только буквы 
Михаил czstu@ya.ru 9  :Корректно не прописаны все три поля  
Нагиев42 jrps@mail.ru 19  :поле имени содержит НЕ только буквы 
Степан swcoopllww 36  :поле емейл прописана некорректно
Нагиев666 kilfxize@ya.ru 69  :поле имени содержит НЕ только буквы 
Геннадий42 ap@mail.ru 5  :Корректно не прописаны все три поля  
vghlw@ya.ru  Не прописаны все три значения в строке  
129  Не прописаны все три значения в строке  
Волочкова666 yfohyg@gmail.com 41  :поле имени содержит НЕ только буквы 
Анна ndoqmr.mail.ru 120  :поле емейл прописана некорректно
Степан!!!!1 ufjonac@mail.ru 13  :поле имени содержит НЕ только буквы 
Земфира rz@ya.ru 3  :Корректно не прописаны все три поля  
Артём jomtwftp.ru 25  :поле емейл прописана некорректно
Бузова yfjq@gmail.com 6  :Корректно не прописаны все три поля  
Земфира egqtcgcdqa 127  :поле емейл прописана некорректно
Равшан666 ecgnypz@gmail.com 57  :поле имени содержит НЕ только буквы 
Чехова oxdcvsxdfs@mail.ru 9  :Корректно не прописаны все три поля  
Нагиев qm@gmail.com 5  :Корректно не прописаны все три поля  
Чонгкун 41  Не прописаны все три значения в строке  
Равшан jgrukcwfigvam 144  :поле емейл прописана некорректно
Джигурда iweuruskf@ya.ru 3  :Корректно не прописаны все три поля  
Мария yimqkxnw@ya.ru 2  :Корректно не прописаны все три поля  
Ли bstab@mail.ru 5  :Корректно не прописаны все три поля  
Тролль andwh.ru 22  :поле емейл прописана некорректно
51 htwdgznavv@ya.ru  Не прописаны все три значения в строке  
Артём42 osvqlaeyk@mail.ru 89  :поле имени содержит НЕ только буквы 
Степан!!!!1 fz@ya.ru 79  :поле имени содержит НЕ только буквы 
  Не прописаны все три значения в строке  
Владимир42 wyg@mail.ru 85  :поле имени содержит НЕ только буквы 
kdjhud@gmail.com  Не прописаны все три значения в строке  
Ольга emiv@mail.ru 4  :Корректно не прописаны все три поля  
Волочкова 69  Не прописаны все три значения в строке  
Чонгкун awxqeqqb@ya.ru 5  :Корректно не прописаны все три поля  
Сянцзян cdm@gmail.com 3  :Корректно не прописаны все три поля  
Равшан azsqccfx 81  :поле емейл прописана некорректно
avrgsklcl@mail.ru  Не прописаны все три значения в строке  
Артём 115 kzt@mail.ru  :Корректно не прописаны все три поля  
Нагиев dtlzk@gmail.com 4  :Корректно не прописаны все три поля  
Джигурда zxllbfa 54  :поле емейл прописана некорректно
Муммий hgvwdkwvlq.mail.ru 29  :поле емейл прописана некорректно
Ольга xwppe.mail.ru 108  :поле емейл прописана некорректно
130 etxsuxnn@ya.ru  Не прописаны все три значения в строке  
Тролль kqf@gmail.com 7  :Корректно не прописаны все три поля  
Геннадий efuboi@ya.ru 6  :Корректно не прописаны все три поля  
  Не прописаны все три значения в строке  
141 jefaphil@gmail.com  Не прописаны все три значения в строке  
Мария dcdo@mail.ru 7  :Корректно не прописаны все три поля  
Чонгкун kyt.ru 98  :поле емейл прописана некорректно
Артём ux@mail.ru 2  :Корректно не прописаны все три поля  
Пенг 90 dfnus@ya.ru  :Корректно не прописаны все три поля  
Муммий zqwr@mail.ru 8  :Корректно не прописаны все три поля  
Джамшут syrknfjjzfigvam 5  :Корректно не прописаны все три поля  
Геннадий42 vwxyofo@gmail.com 110  :поле имени содержит НЕ только буквы 
Чехова pey@mail.ru 4  :Корректно не прописаны все три поля  
30  Не прописаны все три значения в строке  
Хенг sjewsbduwe@gmail.com 3  :Корректно не прописаны все три поля  
  Не прописаны все три значения в строке  
Джамшут42 tuknuio@gmail.com 84  :поле имени содержит НЕ только буквы 
Мария rolj@ya.ru 2  :Корректно не прописаны все три поля  
Ольга ohnwbs@ya.ru 3  :Корректно не прописаны все три поля  
Джамшут666 fb@ya.ru 78  :поле имени содержит НЕ только буквы 
Чонгкун 79  Не прописаны все три значения в строке  
Хенг vcfsptvr.mail.ru 128  :поле емейл прописана некорректно
Ярослав42 rjsnul@gmail.com 46  :поле имени содержит НЕ только буквы 
Тролль!!!!1 xrv@gmail.com 63  :поле имени содержит НЕ только буквы 
Земфира 70 ccerney@ya.ru  :Корректно не прописаны все три поля  
Чехова 47  Не прописаны все три значения в строке  
Земфира!!!!1 yaid@gmail.com 146  :поле имени содержит НЕ только буквы 
Владимир rotq@ya.ru 8  :Корректно не прописаны все три поля  
25 aw@mail.ru  Не прописаны все три значения в строке  
Ли injhzpm@gmail.com 9  :Корректно не прописаны все три поля  
Ольга penhfn@gmail.com 2  :Корректно не прописаны все три поля  
114  Не прописаны все три значения в строке  
Ярослав 150  Не прописаны все три значения в строке  
Артём fnwb.mail.ru 56  :поле емейл прописана некорректно
Яочуан42 ofjv@gmail.com 147  :поле имени содержит НЕ только буквы 
Артём666 gkxrmf@mail.ru 127  :поле имени содержит НЕ только буквы 
Ярослав svlmdwh.ru 150  :поле емейл прописана некорректно
Джигурда sui@mail.ru 6  :Корректно не прописаны все три поля  
Артём ocm@ya.ru 7  :Корректно не прописаны все три поля  
Волочкова42 qvh@mail.ru 120  :поле имени содержит НЕ только буквы 
Степан jp@mail.ru 6  :Корректно не прописаны все три поля  
Волочкова vviqc@mail.ru 2  :Корректно не прописаны все три поля  
Ван puonmkao@gmail.com 4  :Корректно не прописаны все три поля  
Ли qxyplsls.mail.ru 124  :поле емейл прописана некорректно
Ли qcwd@gmail.com 2  :Корректно не прописаны все три поля  
Равшан42 rikzshxn@mail.ru 113  :поле имени содержит НЕ только буквы 
Ольга42 ybmxqdmp@mail.ru 134  :поле имени содержит НЕ только буквы 
Джамшут ibn@mail.ru 4  :Корректно не прописаны все три поля  
Нагиев 5  Не прописаны все три значения в строке  
Ли nfze@gmail.com 5  :Корректно не прописаны все три поля  
Ольга dmxhmdfigvam 90  :поле емейл прописана некорректно
Сянцзян oddnjt@ya.ru 2  :Корректно не прописаны все три поля  
Бузова mi@ya.ru 7  :Корректно не прописаны все три поля  
Муммий tojvdiznml@ya.ru 7  :Корректно не прописаны все три поля  
Чехова uvjfigvam 50  :поле емейл прописана некорректно
Владимир wqjkkiez@ya.ru 7  :Корректно не прописаны все три поля  
fobycm@gmail.com  Не прописаны все три значения в строке  
Михаил yfdk@ya.ru 6  :Корректно не прописаны все три поля  
Чехова yvlyhfbl@ya.ru 8  :Корректно не прописаны все три поля  
Геннадий666 wx@mail.ru 142  :поле имени содержит НЕ только буквы 
  Не прописаны все три значения в строке  
Муммий wjklbzny@ya.ru 2  :Корректно не прописаны все три поля  
  Не прописаны все три значения в строке  
Чехова 116  Не прописаны все три значения в строке  
Бузова rvqyfx@ya.ru 6  :Корректно не прописаны все три поля  
Земфира eabvfkutfm@mail.ru 9  :Корректно не прописаны все три поля  
Ван yqkntj@mail.ru 6  :Корректно не прописаны все три поля  
Мария oaqsckym 108  :поле емейл прописана некорректно
Волочкова usqxrj.mail.ru 98  :поле емейл прописана некорректно
Михаил xltsr@gmail.com 8  :Корректно не прописаны все три поля  
Мария uuerqodwlw@ya.ru 3  :Корректно не прописаны все три поля  
Бузова vpvkfigvam 38  :поле емейл прописана некорректно
Ольга666 gcbyzzd@mail.ru 35  :поле имени содержит НЕ только буквы 
20 zxwossbh@mail.ru  Не прописаны все три значения в строке  
Бузова obh 120  :Корректно не прописаны все три поля  
Пенг gijokip@gmail.com 8  :Корректно не прописаны все три поля  
Ольга eurc 147  :Корректно не прописаны все три поля  
Пенг666 shrinqh@gmail.com 118  :поле имени содержит НЕ только буквы 
Джигурда kdoks@gmail.com 9  :Корректно не прописаны все три поля  
Пенг quzpncits@ya.ru 5  :Корректно не прописаны все три поля  
Ли kfint@mail.ru 3  :Корректно не прописаны все три поля  
Чонгкун pmstyuinly@mail.ru 7  :Корректно не прописаны все три поля  
Бузова666 eeeuan@mail.ru 47  :поле имени содержит НЕ только буквы 
Сянцзян efw@gmail.com  Не прописаны все три значения в строке  
Чехова fytyxwsmt@mail.ru 5  :Корректно не прописаны все три поля  
Ольга koq.mail.ru 89  :поле емейл прописана некорректно
Нагиев qhmi@mail.ru 6  :Корректно не прописаны все три поля  
Ли42 wp@mail.ru 102  :поле имени содержит НЕ только буквы 
Муммий 27  Не прописаны все три значения в строке  
Михаил sjemllns.mail.ru 53  :поле емейл прописана некорректно
  Не прописаны все три значения в строке  
Степан!!!!1 lywhfp@ya.ru 129  :поле имени содержит НЕ только буквы 
Яочуан tgbyu@gmail.com 9  :Корректно не прописаны все три поля  
Хенг666 girleigcr@ya.ru 34  :поле имени содержит НЕ только буквы 
Равшан 35 ofdlmej@gmail.com  :Корректно не прописаны все три поля  
Джамшут suv.mail.ru 126  :поле емейл прописана некорректно
Равшан bwh@mail.ru 7  :Корректно не прописаны все три поля  
Муммий 77 pqtmptomb@ya.ru  :Корректно не прописаны все три поля  
  Не прописаны все три значения в строке  
Михаил vh@gmail.com 6  :Корректно не прописаны все три поля  
Анна lem 106  :Корректно не прописаны все три поля  
Равшан mkwbihnexl@ya.ru 6  :Корректно не прописаны все три поля  
Муммий hlhzymy@gmail.com 6  :Корректно не прописаны все три поля  
Ли fzptcw.ru 12  :поле емейл прописана некорректно
Дмитрий bgkprietx@ya.ru 8  :Корректно не прописаны все три поля  
Михаил666 nyhtpmnzqb@mail.ru 133  :поле имени содержит НЕ только буквы 
Яочуан tidhexuo.ru 26  :поле емейл прописана некорректно
Земфира nsmztmtx 56  :поле емейл прописана некорректно
Ольга tciobvt@gmail.com 8  :Корректно не прописаны все три поля  
Муммий rnw@gmail.com 8  :Корректно не прописаны все три поля  
Джигурда42 xayajydse@ya.ru 92  :поле имени содержит НЕ только буквы 
Владимир666 oqdtiitgkx@ya.ru 121  :поле имени содержит НЕ только буквы 
Ли walsmfeayr@ya.ru 7  :Корректно не прописаны все три поля  
Равшан 3  Не прописаны все три значения в строке  
Михаил wkuwcmdofm@gmail.com 2  :Корректно не прописаны все три поля  
Гнойный666 cejwq@ya.ru 20  :поле имени содержит НЕ только буквы 
Бузова aoivhha@mail.ru  Не прописаны все три значения в строке  
Сянцзян!!!!1 epvtjyyne@ya.ru 75  :поле имени содержит НЕ только буквы 
Ольга!!!!1 nejtkphtj@gmail.com 72  :поле имени содержит НЕ только буквы 
Тролль 72  Не прописаны все три значения в строке  
Ольга ldlfwg@gmail.com 4  :Корректно не прописаны все три поля  
Чехова zohapstkz.ru 26  :поле емейл прописана некорректно
Михаил fhndctdb.mail.ru 86  :поле емейл прописана некорректно
Геннадий efju.mail.ru 134  :поле емейл прописана некорректно
Яочуан doqvvvzjsjfigvam 72  :поле емейл прописана некорректно
Дмитрий laa.ru 4  :Корректно не прописаны все три поля  
Ван zz 38  :Корректно не прописаны все три поля  
Ван dwjtddzho.mail.ru 27  :поле емейл прописана некорректно
Хенг uu@gmail.com 4  :Корректно не прописаны все три поля  
Чехова666 qrmkrdyj@gmail.com 27  :поле имени содержит НЕ только буквы 
Михаил!!!!1 elgpecc@mail.ru 18  :поле имени содержит НЕ только буквы 
Степан666 ggel@mail.ru 78  :поле имени содержит НЕ только буквы 
Тролль jph@mail.ru 4  :Корректно не прописаны все три поля  
Чонгкун42 iyfvfnmfigvam 101  :поле имени содержит НЕ только буквы 
Хенг ohzhr@mail.ru 4  :Корректно не прописаны все три поля  
Сянцзян arrhift@ya.ru 6  :Корректно не прописаны все три поля  
mnlzwm@gmail.com  Не прописаны все три значения в строке  
Земфира 60 pb@gmail.com  :Корректно не прописаны все три поля  
Владимир42 ixklrsprlf@mail.ru 66  :поле имени содержит НЕ только буквы 
Ли  Не прописаны все три значения в строке  
Тролль dvlihift@gmail.com 9  :Корректно не прописаны все три поля  
Дмитрий666 soasnrtxa@mail.ru 100  :поле имени содержит НЕ только буквы 
Ярослав vothpqqls@ya.ru 8  :Корректно не прописаны все три поля  
Ван!!!!1 hefgaw@mail.ru 145  :поле имени содержит НЕ только буквы 
Ван42 oqz@ya.ru 61  :поле имени содержит НЕ только буквы 
Равшан666 hugv.mail.ru 124  :поле имени содержит НЕ только буквы 
  Не прописаны все три значения в строке  
Артём rzu.mail.ru 79  :поле емейл прописана некорректно
Ван vpgzqmmjg@gmail.com 2  :Корректно не прописаны все три поля  
Тролль xmegk@mail.ru 6  :Корректно не прописаны все три поля  
Чонгкун vmflsqzffigvam 113  :поле емейл прописана некорректно
Сянцзян si@ya.ru 8  :Корректно не прописаны все три поля  
Гнойный xuerpdcbg.mail.ru 125  :поле емейл прописана некорректно
Джигурда!!!!1 sfgl@mail.ru 106  :поле имени содержит НЕ только буквы 
Ли666 gmsqb@ya.ru 23  :поле имени содержит НЕ только буквы 
Геннадий shhtscrq@gmail.com 5  :Корректно не прописаны все три поля  
Ли42 dkuifigvam 131  :поле имени содержит НЕ только буквы 
Нагиев fb@ya.ru 6  :Корректно не прописаны все три поля  
Артём aohaer@ya.ru 2  :Корректно не прописаны все три поля  
Волочкова mrteg@ya.ru 9  :Корректно не прописаны все три поля  
Ван xtx@gmail.com 9  :Корректно не прописаны все три поля  
Яочуан vk 48  :Корректно не прописаны все три поля  
Джигурда42 pp@gmail.com 95  :поле имени содержит НЕ только буквы 
Бузова mm@gmail.com 8  :Корректно не прописаны все три поля  
Чехова666 ggp@ya.ru 44  :поле имени содержит НЕ только буквы 
Равшан42 wrccps@gmail.com 19  :поле имени содержит НЕ только буквы 
Артём 56 ajacsghgr@mail.ru  :Корректно не прописаны все три поля  
Пенг bsbfhvhbj@gmail.com 3  :Корректно не прописаны все три поля  
Михаил666 nfkgdficq@ya.ru 35  :поле имени содержит НЕ только буквы 
Гнойный uqynkwsxrc@ya.ru 5  :Корректно не прописаны все три поля  
Ольга pi@gmail.com 8  :Корректно не прописаны все три поля  
Джигурда42 ttdofdr@ya.ru 23  :поле имени содержит НЕ только буквы 
  Не прописаны все три значения в строке  
Чехова pylfigvam 138  :поле емейл прописана некорректно
Ли gvkwabkn@mail.ru 7  :Корректно не прописаны все три поля  
Чехова42 emzlpst@ya.ru 141  :поле имени содержит НЕ только буквы 
Чехова iudhaj@gmail.com 5  :Корректно не прописаны все три поля  
Яочуан qmcaaspnl@mail.ru 2  :Корректно не прописаны все три поля  
Бузова!!!!1 of@gmail.com 105  :поле имени содержит НЕ только буквы 
Дмитрий 23 dklpkwpf@ya.ru  :Корректно не прописаны все три поля  
Муммий iofigvam 65  :поле емейл прописана некорректно
Анна wb@gmail.com 4  :Корректно не прописаны все три поля  
48  Не прописаны все три значения в строке  
Джигурда whfmfkhctfigvam 13  :поле емейл прописана некорректно
Джигурда 118 si@gmail.com  :Корректно не прописаны все три поля  
  Не прописаны все три значения в строке  
Ван trdinnmxnc@mail.ru 6  :Корректно не прописаны все три поля  
Ван 146 jnhds@ya.ru  :Корректно не прописаны все три поля  
Хенг 116 tqkpforkd@mail.ru  :Корректно не прописаны все три поля  
Чонгкун fkzexsifgr.ru 138  :поле емейл прописана некорректно
Яочуан leljlop@ya.ru 5  :Корректно не прописаны все три поля  
Михаил 30 hju@gmail.com  :Корректно не прописаны все три поля  
Михаил iyp 10  :Корректно не прописаны все три поля  
Ли eud 8  :Корректно не прописаны все три поля  
Артём 145  Не прописаны все три значения в строке  
Сянцзян!!!!1 xertpbt@gmail.com 145  :поле имени содержит НЕ только буквы 
Муммий yxnh@mail.ru 8  :Корректно не прописаны все три поля  
Ярослав ga@gmail.com 5  :Корректно не прописаны все три поля  
Земфира pcmrnfkt@ya.ru 7  :Корректно не прописаны все три поля  
Ольга ubdyhidu.mail.ru 52  :поле емейл прописана некорректно
Артём oxmhxa.mail.ru 54  :поле емейл прописана некорректно
Яочуан zg@mail.ru 8  :Корректно не прописаны все три поля  
Джамшут weqlee@gmail.com 7  :Корректно не прописаны все три поля  
Тролль 68 bbmdqbunqu@ya.ru  :Корректно не прописаны все три поля  
Ольга bqxmd@ya.ru 9  :Корректно не прописаны все три поля  
Артём xywzpexw@ya.ru 3  :Корректно не прописаны все три поля  
Ли ralr 22  :Корректно не прописаны все три поля  
Чонгкун ik.ru 124  :Корректно не прописаны все три поля  
Сянцзян whdvpsbsvfigvam 101  :поле емейл прописана некорректно
Бузова666 raiuez@ya.ru 72  :поле имени содержит НЕ только буквы 
Нагиев666 pgxcwvz@mail.ru 3  :Корректно не прописаны все три поля  
Мария!!!!1 iqs@mail.ru 56  :поле имени содержит НЕ только буквы 
Владимир gaih@gmail.com 5  :Корректно не прописаны все три поля  
Равшан zp@ya.ru 7  :Корректно не прописаны все три поля  
98  Не прописаны все три значения в строке  
Ли ndxxn@ya.ru 9  :Корректно не прописаны все три поля  
Бузова cgsksquufigvam 107  :поле емейл прописана некорректно
Ли etlhid.ru 133  :поле емейл прописана некорректно
